{
"/Users/niralbhavsar/Anaplan/workspace/plexus-form/dist/build/lib/alternative.js":{"path":"/Users/niralbhavsar/Anaplan/workspace/plexus-form/dist/build/lib/alternative.js","s":{"1":0,"2":0,"3":0,"4":0,"5":0,"6":0,"7":0,"8":0,"9":0,"10":0,"11":0,"12":0,"13":0},"b":{"1":[0,0],"2":[0,0],"3":[0,0],"4":[0,0]},"f":{"1":0,"2":0,"3":0},"fnMap":{"1":{"name":"(anonymous_1)","line":6,"loc":{"start":{"line":6,"column":17},"end":{"line":6,"column":51}}},"2":{"name":"(anonymous_2)","line":14,"loc":{"start":{"line":14,"column":38},"end":{"line":14,"column":53}}},"3":{"name":"(anonymous_3)","line":18,"loc":{"start":{"line":18,"column":29},"end":{"line":18,"column":44}}}},"statementMap":{"1":{"start":{"line":3,"column":0},"end":{"line":3,"column":37}},"2":{"start":{"line":4,"column":0},"end":{"line":4,"column":38}},"3":{"start":{"line":6,"column":0},"end":{"line":25,"column":2}},"4":{"start":{"line":7,"column":2},"end":{"line":7,"column":34}},"5":{"start":{"line":9,"column":2},"end":{"line":9,"column":63}},"6":{"start":{"line":10,"column":2},"end":{"line":12,"column":3}},"7":{"start":{"line":11,"column":4},"end":{"line":11,"column":11}},"8":{"start":{"line":14,"column":2},"end":{"line":16,"column":5}},"9":{"start":{"line":15,"column":4},"end":{"line":15,"column":33}},"10":{"start":{"line":18,"column":2},"end":{"line":20,"column":5}},"11":{"start":{"line":19,"column":4},"end":{"line":19,"column":68}},"12":{"start":{"line":22,"column":2},"end":{"line":22,"column":51}},"13":{"start":{"line":24,"column":2},"end":{"line":24,"column":190}}},"branchMap":{"1":{"line":10,"type":"if","locations":[{"start":{"line":10,"column":2},"end":{"line":10,"column":2}},{"start":{"line":10,"column":2},"end":{"line":10,"column":2}}]},"2":{"line":19,"type":"binary-expr","locations":[{"start":{"line":19,"column":11},"end":{"line":19,"column":61}},{"start":{"line":19,"column":65},"end":{"line":19,"column":67}}]},"3":{"line":22,"type":"binary-expr","locations":[{"start":{"line":22,"column":13},"end":{"line":22,"column":36}},{"start":{"line":22,"column":40},"end":{"line":22,"column":50}}]},"4":{"line":22,"type":"binary-expr","locations":[{"start":{"line":22,"column":14},"end":{"line":22,"column":19}},{"start":{"line":22,"column":23},"end":{"line":22,"column":25}}]}},"l":{"3":0,"4":0,"6":0,"7":0,"9":0,"10":0,"11":0,"14":0,"15":0,"18":0,"19":0,"22":0,"24":0}},
"/Users/niralbhavsar/Anaplan/workspace/plexus-form/dist/build/lib/form.js":{"path":"/Users/niralbhavsar/Anaplan/workspace/plexus-form/dist/build/lib/form.js","s":{"1":0,"2":0,"3":0,"4":0,"5":0,"6":0,"7":0,"8":0,"9":0,"10":0,"11":0,"12":0,"13":0,"14":0,"15":0,"16":0,"17":0,"18":0,"19":0,"20":0,"21":0,"22":0,"23":0,"24":0,"25":0,"26":0,"27":0,"28":0,"29":0,"30":0,"31":0,"32":0,"33":0,"34":0,"35":0,"36":1,"37":0,"38":0,"39":0,"40":0,"41":0,"42":0,"43":1,"44":0,"45":1,"46":0},"b":{"1":[0,0],"2":[0,0],"3":[0,0],"4":[0,0],"5":[0,0],"6":[0,0],"7":[0,0],"8":[0,0],"9":[0,0]},"f":{"1":0,"2":0,"3":0,"4":0,"5":0,"6":0,"7":0,"8":0,"9":0,"10":0,"11":0,"12":0,"13":0,"14":0,"15":0},"fnMap":{"1":{"name":"getInitialState","line":14,"loc":{"start":{"line":14,"column":19},"end":{"line":14,"column":46}}},"2":{"name":"componentWillReceiveProps","line":21,"loc":{"start":{"line":21,"column":29},"end":{"line":21,"column":71}}},"3":{"name":"setValue","line":30,"loc":{"start":{"line":30,"column":12},"end":{"line":30,"column":49}}},"4":{"name":"getValue","line":47,"loc":{"start":{"line":47,"column":12},"end":{"line":47,"column":36}}},"5":{"name":"getErrors","line":50,"loc":{"start":{"line":50,"column":13},"end":{"line":50,"column":38}}},"6":{"name":"validate","line":53,"loc":{"start":{"line":53,"column":12},"end":{"line":53,"column":55}}},"7":{"name":"preventSubmit","line":56,"loc":{"start":{"line":56,"column":17},"end":{"line":56,"column":47}}},"8":{"name":"handleSubmit","line":59,"loc":{"start":{"line":59,"column":16},"end":{"line":59,"column":45}}},"9":{"name":"handleKeyPress","line":62,"loc":{"start":{"line":62,"column":18},"end":{"line":62,"column":49}}},"10":{"name":"renderButtons","line":67,"loc":{"start":{"line":67,"column":17},"end":{"line":67,"column":42}}},"11":{"name":"(anonymous_11)","line":73,"loc":{"start":{"line":73,"column":69},"end":{"line":73,"column":86}}},"12":{"name":"render","line":82,"loc":{"start":{"line":82,"column":10},"end":{"line":82,"column":28}}},"13":{"name":"hashedErrors","line":104,"loc":{"start":{"line":104,"column":0},"end":{"line":104,"column":30}}},"14":{"name":"makeKey","line":114,"loc":{"start":{"line":114,"column":0},"end":{"line":114,"column":23}}},"15":{"name":"context","line":118,"loc":{"start":{"line":118,"column":0},"end":{"line":118,"column":24}}}},"statementMap":{"1":{"start":{"line":3,"column":0},"end":{"line":3,"column":29}},"2":{"start":{"line":4,"column":0},"end":{"line":4,"column":18}},"3":{"start":{"line":6,"column":0},"end":{"line":6,"column":37}},"4":{"start":{"line":8,"column":0},"end":{"line":8,"column":33}},"5":{"start":{"line":9,"column":0},"end":{"line":9,"column":39}},"6":{"start":{"line":11,"column":0},"end":{"line":102,"column":3}},"7":{"start":{"line":15,"column":4},"end":{"line":15,"column":35}},"8":{"start":{"line":16,"column":4},"end":{"line":16,"column":79}},"9":{"start":{"line":17,"column":4},"end":{"line":19,"column":23}},"10":{"start":{"line":22,"column":4},"end":{"line":22,"column":51}},"11":{"start":{"line":23,"column":4},"end":{"line":23,"column":51}},"12":{"start":{"line":24,"column":4},"end":{"line":28,"column":7}},"13":{"start":{"line":31,"column":4},"end":{"line":31,"column":35}},"14":{"start":{"line":32,"column":4},"end":{"line":32,"column":34}},"15":{"start":{"line":33,"column":4},"end":{"line":33,"column":80}},"16":{"start":{"line":34,"column":4},"end":{"line":34,"column":83}},"17":{"start":{"line":35,"column":4},"end":{"line":35,"column":52}},"18":{"start":{"line":37,"column":4},"end":{"line":45,"column":5}},"19":{"start":{"line":38,"column":6},"end":{"line":38,"column":48}},"20":{"start":{"line":40,"column":6},"end":{"line":44,"column":9}},"21":{"start":{"line":48,"column":4},"end":{"line":48,"column":45}},"22":{"start":{"line":51,"column":4},"end":{"line":51,"column":44}},"23":{"start":{"line":54,"column":4},"end":{"line":54,"column":70}},"24":{"start":{"line":57,"column":4},"end":{"line":57,"column":27}},"25":{"start":{"line":60,"column":4},"end":{"line":60,"column":82}},"26":{"start":{"line":63,"column":4},"end":{"line":65,"column":5}},"27":{"start":{"line":64,"column":6},"end":{"line":64,"column":73}},"28":{"start":{"line":68,"column":4},"end":{"line":68,"column":35}},"29":{"start":{"line":70,"column":4},"end":{"line":80,"column":5}},"30":{"start":{"line":71,"column":6},"end":{"line":71,"column":40}},"31":{"start":{"line":73,"column":6},"end":{"line":78,"column":9}},"32":{"start":{"line":74,"column":8},"end":{"line":77,"column":29}},"33":{"start":{"line":79,"column":6},"end":{"line":79,"column":32}},"34":{"start":{"line":83,"column":4},"end":{"line":95,"column":7}},"35":{"start":{"line":97,"column":4},"end":{"line":100,"column":104}},"36":{"start":{"line":104,"column":0},"end":{"line":112,"column":1}},"37":{"start":{"line":105,"column":2},"end":{"line":105,"column":18}},"38":{"start":{"line":106,"column":2},"end":{"line":106,"column":15}},"39":{"start":{"line":107,"column":2},"end":{"line":110,"column":3}},"40":{"start":{"line":108,"column":4},"end":{"line":108,"column":22}},"41":{"start":{"line":109,"column":4},"end":{"line":109,"column":47}},"42":{"start":{"line":111,"column":2},"end":{"line":111,"column":16}},"43":{"start":{"line":114,"column":0},"end":{"line":116,"column":1}},"44":{"start":{"line":115,"column":2},"end":{"line":115,"column":24}},"45":{"start":{"line":118,"column":0},"end":{"line":120,"column":1}},"46":{"start":{"line":119,"column":2},"end":{"line":119,"column":39}}},"branchMap":{"1":{"line":22,"type":"binary-expr","locations":[{"start":{"line":22,"column":17},"end":{"line":22,"column":29}},{"start":{"line":22,"column":33},"end":{"line":22,"column":50}}]},"2":{"line":23,"type":"binary-expr","locations":[{"start":{"line":23,"column":17},"end":{"line":23,"column":29}},{"start":{"line":23,"column":33},"end":{"line":23,"column":50}}]},"3":{"line":37,"type":"if","locations":[{"start":{"line":37,"column":4},"end":{"line":37,"column":4}},{"start":{"line":37,"column":4},"end":{"line":37,"column":4}}]},"4":{"line":63,"type":"if","locations":[{"start":{"line":63,"column":4},"end":{"line":63,"column":4}},{"start":{"line":63,"column":4},"end":{"line":63,"column":4}}]},"5":{"line":63,"type":"binary-expr","locations":[{"start":{"line":63,"column":8},"end":{"line":63,"column":28}},{"start":{"line":63,"column":32},"end":{"line":63,"column":58}}]},"6":{"line":70,"type":"if","locations":[{"start":{"line":70,"column":4},"end":{"line":70,"column":4}},{"start":{"line":70,"column":4},"end":{"line":70,"column":4}}]},"7":{"line":73,"type":"binary-expr","locations":[{"start":{"line":73,"column":21},"end":{"line":73,"column":39}},{"start":{"line":73,"column":43},"end":{"line":73,"column":63}}]},"8":{"line":100,"type":"cond-expr","locations":[{"start":{"line":100,"column":33},"end":{"line":100,"column":53}},{"start":{"line":100,"column":56},"end":{"line":100,"column":64}}]},"9":{"line":119,"type":"binary-expr","locations":[{"start":{"line":119,"column":9},"end":{"line":119,"column":22}},{"start":{"line":119,"column":26},"end":{"line":119,"column":38}}]}},"l":{"3":0,"4":0,"6":0,"8":0,"9":0,"11":0,"15":0,"16":0,"17":0,"22":0,"23":0,"24":0,"31":0,"32":0,"33":0,"34":0,"35":0,"37":0,"38":0,"40":0,"48":0,"51":0,"54":0,"57":0,"60":0,"63":0,"64":0,"68":0,"70":0,"71":0,"73":0,"74":0,"79":0,"83":0,"97":0,"104":1,"105":0,"106":0,"107":0,"108":0,"109":0,"111":0,"114":1,"115":0,"118":1,"119":0}},
"/Users/niralbhavsar/Anaplan/workspace/plexus-form/dist/build/lib/index.js":{"path":"/Users/niralbhavsar/Anaplan/workspace/plexus-form/dist/build/lib/index.js","s":{"1":0},"b":{},"f":{},"fnMap":{},"statementMap":{"1":{"start":{"line":27,"column":0},"end":{"line":27,"column":35}}},"branchMap":{},"l":{"27":0}},
"/Users/niralbhavsar/Anaplan/workspace/plexus-form/dist/build/lib/normalise.js":{"path":"/Users/niralbhavsar/Anaplan/workspace/plexus-form/dist/build/lib/normalise.js","s":{"1":0,"2":0,"3":0,"4":0,"5":0,"6":1,"7":0,"8":0,"9":0,"10":0,"11":0,"12":0,"13":0,"14":0,"15":0,"16":0,"17":0,"18":0,"19":0,"20":0,"21":0,"22":0,"23":0},"b":{"1":[0,0],"2":[0,0],"3":[0,0],"4":[0,0],"5":[0,0],"6":[0,0],"7":[0,0],"8":[0,0]},"f":{"1":0,"2":0},"fnMap":{"1":{"name":"(anonymous_1)","line":8,"loc":{"start":{"line":8,"column":17},"end":{"line":8,"column":50}}},"2":{"name":"withDefaultOptions","line":12,"loc":{"start":{"line":12,"column":0},"end":{"line":12,"column":51}}}},"statementMap":{"1":{"start":{"line":3,"column":0},"end":{"line":3,"column":37}},"2":{"start":{"line":5,"column":0},"end":{"line":5,"column":43}},"3":{"start":{"line":6,"column":0},"end":{"line":6,"column":35}},"4":{"start":{"line":8,"column":0},"end":{"line":10,"column":2}},"5":{"start":{"line":9,"column":2},"end":{"line":9,"column":61}},"6":{"start":{"line":12,"column":0},"end":{"line":37,"column":1}},"7":{"start":{"line":13,"column":2},"end":{"line":13,"column":13}},"8":{"start":{"line":14,"column":2},"end":{"line":14,"column":10}},"9":{"start":{"line":15,"column":2},"end":{"line":15,"column":49}},"10":{"start":{"line":17,"column":2},"end":{"line":19,"column":3}},"11":{"start":{"line":18,"column":4},"end":{"line":18,"column":73}},"12":{"start":{"line":21,"column":2},"end":{"line":35,"column":3}},"13":{"start":{"line":22,"column":4},"end":{"line":22,"column":48}},"14":{"start":{"line":23,"column":9},"end":{"line":35,"column":3}},"15":{"start":{"line":24,"column":4},"end":{"line":24,"column":28}},"16":{"start":{"line":25,"column":4},"end":{"line":27,"column":5}},"17":{"start":{"line":26,"column":6},"end":{"line":26,"column":100}},"18":{"start":{"line":28,"column":9},"end":{"line":35,"column":3}},"19":{"start":{"line":29,"column":4},"end":{"line":29,"column":16}},"20":{"start":{"line":30,"column":4},"end":{"line":32,"column":5}},"21":{"start":{"line":31,"column":6},"end":{"line":31,"column":90}},"22":{"start":{"line":34,"column":4},"end":{"line":34,"column":18}},"23":{"start":{"line":36,"column":2},"end":{"line":36,"column":16}}},"branchMap":{"1":{"line":17,"type":"if","locations":[{"start":{"line":17,"column":2},"end":{"line":17,"column":2}},{"start":{"line":17,"column":2},"end":{"line":17,"column":2}}]},"2":{"line":21,"type":"if","locations":[{"start":{"line":21,"column":2},"end":{"line":21,"column":2}},{"start":{"line":21,"column":2},"end":{"line":21,"column":2}}]},"3":{"line":22,"type":"binary-expr","locations":[{"start":{"line":22,"column":13},"end":{"line":22,"column":17}},{"start":{"line":22,"column":21},"end":{"line":22,"column":47}}]},"4":{"line":23,"type":"if","locations":[{"start":{"line":23,"column":9},"end":{"line":23,"column":9}},{"start":{"line":23,"column":9},"end":{"line":23,"column":9}}]},"5":{"line":26,"type":"binary-expr","locations":[{"start":{"line":26,"column":40},"end":{"line":26,"column":44}},{"start":{"line":26,"column":48},"end":{"line":26,"column":50}}]},"6":{"line":28,"type":"if","locations":[{"start":{"line":28,"column":9},"end":{"line":28,"column":9}},{"start":{"line":28,"column":9},"end":{"line":28,"column":9}}]},"7":{"line":30,"type":"binary-expr","locations":[{"start":{"line":30,"column":25},"end":{"line":30,"column":29}},{"start":{"line":30,"column":33},"end":{"line":30,"column":35}}]},"8":{"line":31,"type":"binary-expr","locations":[{"start":{"line":31,"column":40},"end":{"line":31,"column":44}},{"start":{"line":31,"column":48},"end":{"line":31,"column":50}}]}},"l":{"3":0,"5":0,"6":0,"8":0,"9":0,"12":1,"13":0,"14":0,"15":0,"17":0,"18":0,"21":0,"22":0,"23":0,"24":0,"25":0,"26":0,"28":0,"29":0,"30":0,"31":0,"34":0,"36":0}},
"/Users/niralbhavsar/Anaplan/workspace/plexus-form/dist/build/lib/resolve.js":{"path":"/Users/niralbhavsar/Anaplan/workspace/plexus-form/dist/build/lib/resolve.js","s":{"1":0,"2":0,"3":0,"4":0,"5":0,"6":0,"7":0,"8":0,"9":1,"10":0,"11":0,"12":0,"13":0,"14":0,"15":0},"b":{"1":[0,0],"2":[0,0],"3":[0,0],"4":[0,0]},"f":{"1":0,"2":0},"fnMap":{"1":{"name":"(anonymous_1)","line":5,"loc":{"start":{"line":5,"column":17},"end":{"line":5,"column":44}}},"2":{"name":"without","line":19,"loc":{"start":{"line":19,"column":0},"end":{"line":19,"column":22}}}},"statementMap":{"1":{"start":{"line":3,"column":0},"end":{"line":3,"column":37}},"2":{"start":{"line":5,"column":0},"end":{"line":17,"column":2}},"3":{"start":{"line":6,"column":2},"end":{"line":6,"column":33}},"4":{"start":{"line":8,"column":2},"end":{"line":16,"column":3}},"5":{"start":{"line":9,"column":4},"end":{"line":11,"column":5}},"6":{"start":{"line":10,"column":6},"end":{"line":10,"column":76}},"7":{"start":{"line":13,"column":4},"end":{"line":13,"column":95}},"8":{"start":{"line":15,"column":4},"end":{"line":15,"column":18}},"9":{"start":{"line":19,"column":0},"end":{"line":30,"column":1}},"10":{"start":{"line":20,"column":2},"end":{"line":20,"column":38}},"11":{"start":{"line":21,"column":2},"end":{"line":21,"column":44}},"12":{"start":{"line":23,"column":2},"end":{"line":27,"column":3}},"13":{"start":{"line":24,"column":4},"end":{"line":26,"column":5}},"14":{"start":{"line":25,"column":6},"end":{"line":25,"column":29}},"15":{"start":{"line":29,"column":2},"end":{"line":29,"column":16}}},"branchMap":{"1":{"line":8,"type":"if","locations":[{"start":{"line":8,"column":2},"end":{"line":8,"column":2}},{"start":{"line":8,"column":2},"end":{"line":8,"column":2}}]},"2":{"line":9,"type":"if","locations":[{"start":{"line":9,"column":4},"end":{"line":9,"column":4}},{"start":{"line":9,"column":4},"end":{"line":9,"column":4}}]},"3":{"line":21,"type":"cond-expr","locations":[{"start":{"line":21,"column":36},"end":{"line":21,"column":38}},{"start":{"line":21,"column":41},"end":{"line":21,"column":43}}]},"4":{"line":24,"type":"if","locations":[{"start":{"line":24,"column":4},"end":{"line":24,"column":4}},{"start":{"line":24,"column":4},"end":{"line":24,"column":4}}]}},"l":{"3":0,"5":0,"6":0,"8":0,"9":0,"10":0,"13":0,"15":0,"19":1,"20":0,"21":0,"23":0,"24":0,"25":0,"29":0}},
"/Users/niralbhavsar/Anaplan/workspace/plexus-form/dist/build/lib/types.js":{"path":"/Users/niralbhavsar/Anaplan/workspace/plexus-form/dist/build/lib/types.js","s":{"1":0,"2":0,"3":0,"4":0,"5":0,"6":0,"7":0,"8":0,"9":0,"10":0,"11":0,"12":0,"13":0,"14":0,"15":1,"16":0,"17":0,"18":0,"19":0,"20":0,"21":0,"22":0,"23":0,"24":0,"25":0,"26":0,"27":0},"b":{"1":[0,0],"2":[0,0],"3":[0,0],"4":[0,0],"5":[0,0]},"f":{"1":0,"2":0,"3":0,"4":0,"5":0},"fnMap":{"1":{"name":"alternative","line":8,"loc":{"start":{"line":8,"column":15},"end":{"line":8,"column":51}}},"2":{"name":"array","line":13,"loc":{"start":{"line":13,"column":9},"end":{"line":13,"column":39}}},"3":{"name":"object","line":25,"loc":{"start":{"line":25,"column":10},"end":{"line":25,"column":41}}},"4":{"name":"(anonymous_4)","line":28,"loc":{"start":{"line":28,"column":20},"end":{"line":28,"column":35}}},"5":{"name":"fullOrdering","line":39,"loc":{"start":{"line":39,"column":0},"end":{"line":39,"column":33}}}},"statementMap":{"1":{"start":{"line":3,"column":0},"end":{"line":3,"column":37}},"2":{"start":{"line":5,"column":0},"end":{"line":5,"column":44}},"3":{"start":{"line":7,"column":0},"end":{"line":35,"column":2}},"4":{"start":{"line":9,"column":4},"end":{"line":9,"column":89}},"5":{"start":{"line":11,"column":4},"end":{"line":11,"column":64}},"6":{"start":{"line":14,"column":4},"end":{"line":14,"column":58}},"7":{"start":{"line":15,"column":4},"end":{"line":15,"column":18}},"8":{"start":{"line":16,"column":4},"end":{"line":21,"column":5}},"9":{"start":{"line":17,"column":6},"end":{"line":20,"column":11}},"10":{"start":{"line":23,"column":4},"end":{"line":23,"column":16}},"11":{"start":{"line":26,"column":4},"end":{"line":26,"column":81}},"12":{"start":{"line":28,"column":4},"end":{"line":33,"column":7}},"13":{"start":{"line":29,"column":6},"end":{"line":32,"column":10}},"14":{"start":{"line":37,"column":0},"end":{"line":37,"column":23}},"15":{"start":{"line":39,"column":0},"end":{"line":59,"column":1}},"16":{"start":{"line":40,"column":2},"end":{"line":40,"column":36}},"17":{"start":{"line":41,"column":2},"end":{"line":41,"column":18}},"18":{"start":{"line":42,"column":2},"end":{"line":42,"column":11}},"19":{"start":{"line":44,"column":2},"end":{"line":49,"column":3}},"20":{"start":{"line":45,"column":4},"end":{"line":45,"column":16}},"21":{"start":{"line":46,"column":4},"end":{"line":48,"column":5}},"22":{"start":{"line":47,"column":6},"end":{"line":47,"column":21}},"23":{"start":{"line":51,"column":2},"end":{"line":56,"column":3}},"24":{"start":{"line":52,"column":4},"end":{"line":52,"column":16}},"25":{"start":{"line":53,"column":4},"end":{"line":55,"column":5}},"26":{"start":{"line":54,"column":6},"end":{"line":54,"column":21}},"27":{"start":{"line":58,"column":2},"end":{"line":58,"column":16}}},"branchMap":{"1":{"line":14,"type":"binary-expr","locations":[{"start":{"line":14,"column":13},"end":{"line":14,"column":39}},{"start":{"line":14,"column":43},"end":{"line":14,"column":45}}]},"2":{"line":40,"type":"binary-expr","locations":[{"start":{"line":40,"column":25},"end":{"line":40,"column":28}},{"start":{"line":40,"column":32},"end":{"line":40,"column":34}}]},"3":{"line":44,"type":"binary-expr","locations":[{"start":{"line":44,"column":12},"end":{"line":44,"column":16}},{"start":{"line":44,"column":20},"end":{"line":44,"column":22}}]},"4":{"line":46,"type":"if","locations":[{"start":{"line":46,"column":4},"end":{"line":46,"column":4}},{"start":{"line":46,"column":4},"end":{"line":46,"column":4}}]},"5":{"line":53,"type":"if","locations":[{"start":{"line":53,"column":4},"end":{"line":53,"column":4}},{"start":{"line":53,"column":4},"end":{"line":53,"column":4}}]}},"l":{"3":0,"5":0,"7":0,"9":0,"11":0,"14":0,"15":0,"16":0,"17":0,"23":0,"26":0,"28":0,"29":0,"37":0,"39":1,"40":0,"41":0,"42":0,"44":0,"45":0,"46":0,"47":0,"51":0,"52":0,"53":0,"54":0,"58":0}},
"/Users/niralbhavsar/Anaplan/workspace/plexus-form/dist/build/lib/fields/checkbox.js":{"path":"/Users/niralbhavsar/Anaplan/workspace/plexus-form/dist/build/lib/fields/checkbox.js","s":{"1":0,"2":0,"3":0,"4":0,"5":0,"6":0,"7":0},"b":{"1":[0,0]},"f":{"1":0,"2":0},"fnMap":{"1":{"name":"handleChange","line":9,"loc":{"start":{"line":9,"column":16},"end":{"line":9,"column":45}}},"2":{"name":"render","line":13,"loc":{"start":{"line":13,"column":10},"end":{"line":13,"column":28}}}},"statementMap":{"1":{"start":{"line":3,"column":0},"end":{"line":3,"column":29}},"2":{"start":{"line":4,"column":0},"end":{"line":4,"column":18}},"3":{"start":{"line":6,"column":0},"end":{"line":20,"column":3}},"4":{"start":{"line":10,"column":4},"end":{"line":10,"column":35}},"5":{"start":{"line":11,"column":4},"end":{"line":11,"column":49}},"6":{"start":{"line":14,"column":4},"end":{"line":18,"column":37}},"7":{"start":{"line":22,"column":0},"end":{"line":22,"column":26}}},"branchMap":{"1":{"line":17,"type":"binary-expr","locations":[{"start":{"line":17,"column":15},"end":{"line":17,"column":31}},{"start":{"line":17,"column":35},"end":{"line":17,"column":40}}]}},"l":{"3":0,"4":0,"6":0,"10":0,"11":0,"14":0,"22":0}},
"/Users/niralbhavsar/Anaplan/workspace/plexus-form/dist/build/lib/fields/file.js":{"path":"/Users/niralbhavsar/Anaplan/workspace/plexus-form/dist/build/lib/fields/file.js","s":{"1":0,"2":0,"3":0,"4":0,"5":0,"6":0,"7":0,"8":0,"9":0,"10":0,"11":0,"12":0,"13":0,"14":0,"15":0,"16":0,"17":0,"18":0,"19":0,"20":0,"21":0,"22":0},"b":{"1":[0,0],"2":[0,0],"3":[0,0],"4":[0,0],"5":[0,0],"6":[0,0],"7":[0,0]},"f":{"1":0,"2":0,"3":0},"fnMap":{"1":{"name":"loadFile","line":14,"loc":{"start":{"line":14,"column":12},"end":{"line":14,"column":37}}},"2":{"name":"(anonymous_2)","line":25,"loc":{"start":{"line":25,"column":21},"end":{"line":25,"column":38}}},"3":{"name":"render","line":38,"loc":{"start":{"line":38,"column":10},"end":{"line":38,"column":28}}}},"statementMap":{"1":{"start":{"line":3,"column":0},"end":{"line":3,"column":29}},"2":{"start":{"line":4,"column":0},"end":{"line":4,"column":18}},"3":{"start":{"line":6,"column":0},"end":{"line":6,"column":37}},"4":{"start":{"line":8,"column":0},"end":{"line":8,"column":32}},"5":{"start":{"line":9,"column":0},"end":{"line":9,"column":41}},"6":{"start":{"line":11,"column":0},"end":{"line":45,"column":3}},"7":{"start":{"line":15,"column":4},"end":{"line":15,"column":34}},"8":{"start":{"line":16,"column":4},"end":{"line":16,"column":37}},"9":{"start":{"line":17,"column":4},"end":{"line":21,"column":7}},"10":{"start":{"line":23,"column":4},"end":{"line":23,"column":49}},"11":{"start":{"line":25,"column":4},"end":{"line":28,"column":18}},"12":{"start":{"line":26,"column":6},"end":{"line":26,"column":37}},"13":{"start":{"line":27,"column":6},"end":{"line":27,"column":51}},"14":{"start":{"line":30,"column":4},"end":{"line":36,"column":5}},"15":{"start":{"line":31,"column":6},"end":{"line":35,"column":7}},"16":{"start":{"line":32,"column":8},"end":{"line":32,"column":35}},"17":{"start":{"line":34,"column":8},"end":{"line":34,"column":32}},"18":{"start":{"line":39,"column":4},"end":{"line":39,"column":41}},"19":{"start":{"line":40,"column":4},"end":{"line":40,"column":39}},"20":{"start":{"line":41,"column":4},"end":{"line":41,"column":268}},"21":{"start":{"line":43,"column":4},"end":{"line":43,"column":86}},"22":{"start":{"line":47,"column":0},"end":{"line":47,"column":27}}},"branchMap":{"1":{"line":30,"type":"if","locations":[{"start":{"line":30,"column":4},"end":{"line":30,"column":4}},{"start":{"line":30,"column":4},"end":{"line":30,"column":4}}]},"2":{"line":31,"type":"if","locations":[{"start":{"line":31,"column":6},"end":{"line":31,"column":6}},{"start":{"line":31,"column":6},"end":{"line":31,"column":6}}]},"3":{"line":39,"type":"binary-expr","locations":[{"start":{"line":39,"column":17},"end":{"line":39,"column":34}},{"start":{"line":39,"column":38},"end":{"line":39,"column":40}}]},"4":{"line":40,"type":"binary-expr","locations":[{"start":{"line":40,"column":16},"end":{"line":40,"column":32}},{"start":{"line":40,"column":36},"end":{"line":40,"column":38}}]},"5":{"line":41,"type":"binary-expr","locations":[{"start":{"line":41,"column":145},"end":{"line":41,"column":155}},{"start":{"line":41,"column":159},"end":{"line":41,"column":162}}]},"6":{"line":41,"type":"binary-expr","locations":[{"start":{"line":41,"column":196},"end":{"line":41,"column":206}},{"start":{"line":41,"column":210},"end":{"line":41,"column":213}}]},"7":{"line":41,"type":"binary-expr","locations":[{"start":{"line":41,"column":247},"end":{"line":41,"column":257}},{"start":{"line":41,"column":261},"end":{"line":41,"column":264}}]}},"l":{"3":0,"4":0,"6":0,"8":0,"9":0,"11":0,"15":0,"16":0,"17":0,"23":0,"25":0,"26":0,"27":0,"30":0,"31":0,"32":0,"34":0,"39":0,"40":0,"41":0,"43":0,"47":0}},
"/Users/niralbhavsar/Anaplan/workspace/plexus-form/dist/build/lib/fields/index.js":{"path":"/Users/niralbhavsar/Anaplan/workspace/plexus-form/dist/build/lib/fields/index.js","s":{"1":0},"b":{},"f":{},"fnMap":{},"statementMap":{"1":{"start":{"line":3,"column":0},"end":{"line":10,"column":2}}},"branchMap":{},"l":{"3":0}},
"/Users/niralbhavsar/Anaplan/workspace/plexus-form/dist/build/lib/fields/input.js":{"path":"/Users/niralbhavsar/Anaplan/workspace/plexus-form/dist/build/lib/fields/input.js","s":{"1":0,"2":0,"3":0,"4":0,"5":0,"6":0,"7":0,"8":0,"9":0,"10":0,"11":0,"12":0,"13":0},"b":{"1":[0,0],"2":[0,0]},"f":{"1":0,"2":0,"3":0,"4":0,"5":0},"fnMap":{"1":{"name":"normalize","line":12,"loc":{"start":{"line":12,"column":13},"end":{"line":12,"column":38}}},"2":{"name":"parse","line":15,"loc":{"start":{"line":15,"column":9},"end":{"line":15,"column":30}}},"3":{"name":"handleChange","line":18,"loc":{"start":{"line":18,"column":16},"end":{"line":18,"column":45}}},"4":{"name":"handleKeyPress","line":22,"loc":{"start":{"line":22,"column":18},"end":{"line":22,"column":49}}},"5":{"name":"render","line":27,"loc":{"start":{"line":27,"column":10},"end":{"line":27,"column":28}}}},"statementMap":{"1":{"start":{"line":3,"column":0},"end":{"line":3,"column":29}},"2":{"start":{"line":4,"column":0},"end":{"line":4,"column":18}},"3":{"start":{"line":6,"column":0},"end":{"line":6,"column":47}},"4":{"start":{"line":7,"column":0},"end":{"line":7,"column":39}},"5":{"start":{"line":9,"column":0},"end":{"line":36,"column":3}},"6":{"start":{"line":13,"column":4},"end":{"line":13,"column":45}},"7":{"start":{"line":16,"column":4},"end":{"line":16,"column":41}},"8":{"start":{"line":19,"column":4},"end":{"line":19,"column":50}},"9":{"start":{"line":20,"column":4},"end":{"line":20,"column":63}},"10":{"start":{"line":23,"column":4},"end":{"line":25,"column":5}},"11":{"start":{"line":24,"column":6},"end":{"line":24,"column":29}},"12":{"start":{"line":28,"column":4},"end":{"line":34,"column":37}},"13":{"start":{"line":38,"column":0},"end":{"line":38,"column":28}}},"branchMap":{"1":{"line":23,"type":"if","locations":[{"start":{"line":23,"column":4},"end":{"line":23,"column":4}},{"start":{"line":23,"column":4},"end":{"line":23,"column":4}}]},"2":{"line":31,"type":"binary-expr","locations":[{"start":{"line":31,"column":13},"end":{"line":31,"column":29}},{"start":{"line":31,"column":33},"end":{"line":31,"column":35}}]}},"l":{"3":0,"4":0,"6":0,"7":0,"9":0,"13":0,"16":0,"19":0,"20":0,"23":0,"24":0,"28":0,"38":0}},
"/Users/niralbhavsar/Anaplan/workspace/plexus-form/dist/build/lib/fields/make.js":{"path":"/Users/niralbhavsar/Anaplan/workspace/plexus-form/dist/build/lib/fields/make.js","s":{"1":0,"2":0,"3":0,"4":0,"5":0,"6":0,"7":0,"8":0,"9":0,"10":0,"11":0,"12":0,"13":0,"14":0,"15":0,"16":0,"17":0,"18":0,"19":0,"20":0,"21":0,"22":0,"23":0,"24":0,"25":0,"26":0,"27":0,"28":0,"29":0,"30":1,"31":0},"b":{"1":[0,0],"2":[0,0],"3":[0,0],"4":[0,0],"5":[0,0],"6":[0,0],"7":[0,0,0,0,0,0,0]},"f":{"1":0,"2":0},"fnMap":{"1":{"name":"(anonymous_1)","line":11,"loc":{"start":{"line":11,"column":17},"end":{"line":11,"column":42}}},"2":{"name":"makeKey","line":60,"loc":{"start":{"line":60,"column":0},"end":{"line":60,"column":23}}}},"statementMap":{"1":{"start":{"line":3,"column":0},"end":{"line":3,"column":29}},"2":{"start":{"line":5,"column":0},"end":{"line":5,"column":37}},"3":{"start":{"line":7,"column":0},"end":{"line":7,"column":36}},"4":{"start":{"line":8,"column":0},"end":{"line":8,"column":32}},"5":{"start":{"line":9,"column":0},"end":{"line":9,"column":41}},"6":{"start":{"line":11,"column":0},"end":{"line":58,"column":2}},"7":{"start":{"line":12,"column":2},"end":{"line":12,"column":52}},"8":{"start":{"line":13,"column":2},"end":{"line":13,"column":38}},"9":{"start":{"line":14,"column":2},"end":{"line":14,"column":67}},"10":{"start":{"line":15,"column":2},"end":{"line":15,"column":32}},"11":{"start":{"line":16,"column":2},"end":{"line":16,"column":40}},"12":{"start":{"line":18,"column":2},"end":{"line":26,"column":5}},"13":{"start":{"line":28,"column":2},"end":{"line":43,"column":3}},"14":{"start":{"line":29,"column":4},"end":{"line":29,"column":75}},"15":{"start":{"line":30,"column":4},"end":{"line":30,"column":85}},"16":{"start":{"line":31,"column":9},"end":{"line":43,"column":3}},"17":{"start":{"line":32,"column":4},"end":{"line":32,"column":78}},"18":{"start":{"line":34,"column":4},"end":{"line":34,"column":48}},"19":{"start":{"line":35,"column":4},"end":{"line":35,"column":99}},"20":{"start":{"line":36,"column":9},"end":{"line":43,"column":3}},"21":{"start":{"line":37,"column":4},"end":{"line":37,"column":68}},"22":{"start":{"line":38,"column":9},"end":{"line":43,"column":3}},"23":{"start":{"line":39,"column":4},"end":{"line":41,"column":54}},"24":{"start":{"line":42,"column":4},"end":{"line":42,"column":78}},"25":{"start":{"line":45,"column":2},"end":{"line":57,"column":3}},"26":{"start":{"line":47,"column":6},"end":{"line":47,"column":79}},"27":{"start":{"line":49,"column":6},"end":{"line":49,"column":65}},"28":{"start":{"line":51,"column":6},"end":{"line":51,"column":64}},"29":{"start":{"line":56,"column":6},"end":{"line":56,"column":81}},"30":{"start":{"line":60,"column":0},"end":{"line":62,"column":1}},"31":{"start":{"line":61,"column":2},"end":{"line":61,"column":24}}},"branchMap":{"1":{"line":13,"type":"binary-expr","locations":[{"start":{"line":13,"column":14},"end":{"line":13,"column":31}},{"start":{"line":13,"column":35},"end":{"line":13,"column":37}}]},"2":{"line":28,"type":"if","locations":[{"start":{"line":28,"column":2},"end":{"line":28,"column":2}},{"start":{"line":28,"column":2},"end":{"line":28,"column":2}}]},"3":{"line":31,"type":"if","locations":[{"start":{"line":31,"column":9},"end":{"line":31,"column":9}},{"start":{"line":31,"column":9},"end":{"line":31,"column":9}}]},"4":{"line":36,"type":"if","locations":[{"start":{"line":36,"column":9},"end":{"line":36,"column":9}},{"start":{"line":36,"column":9},"end":{"line":36,"column":9}}]},"5":{"line":38,"type":"if","locations":[{"start":{"line":38,"column":9},"end":{"line":38,"column":9}},{"start":{"line":38,"column":9},"end":{"line":38,"column":9}}]},"6":{"line":41,"type":"binary-expr","locations":[{"start":{"line":41,"column":13},"end":{"line":41,"column":32}},{"start":{"line":41,"column":36},"end":{"line":41,"column":50}}]},"7":{"line":45,"type":"switch","locations":[{"start":{"line":46,"column":4},"end":{"line":47,"column":79}},{"start":{"line":48,"column":4},"end":{"line":49,"column":65}},{"start":{"line":50,"column":4},"end":{"line":51,"column":64}},{"start":{"line":52,"column":4},"end":{"line":52,"column":18}},{"start":{"line":53,"column":4},"end":{"line":53,"column":19}},{"start":{"line":54,"column":4},"end":{"line":54,"column":18}},{"start":{"line":55,"column":4},"end":{"line":56,"column":81}}]}},"l":{"3":0,"5":0,"7":0,"8":0,"9":0,"11":0,"12":0,"13":0,"14":0,"15":0,"16":0,"18":0,"28":0,"29":0,"30":0,"31":0,"32":0,"34":0,"35":0,"36":0,"37":0,"38":0,"39":0,"42":0,"45":0,"47":0,"49":0,"51":0,"56":0,"60":1,"61":0}},
"/Users/niralbhavsar/Anaplan/workspace/plexus-form/dist/build/lib/fields/selection.js":{"path":"/Users/niralbhavsar/Anaplan/workspace/plexus-form/dist/build/lib/fields/selection.js","s":{"1":0,"2":0,"3":0,"4":0,"5":0,"6":0,"7":0,"8":0,"9":0,"10":0,"11":0,"12":0,"13":0,"14":0,"15":0},"b":{"1":[0,0],"2":[0,0],"3":[0,0],"4":[0,0]},"f":{"1":0,"2":0,"3":0,"4":0,"5":0},"fnMap":{"1":{"name":"normalize","line":12,"loc":{"start":{"line":12,"column":13},"end":{"line":12,"column":38}}},"2":{"name":"parse","line":18,"loc":{"start":{"line":18,"column":9},"end":{"line":18,"column":30}}},"3":{"name":"handleChange","line":24,"loc":{"start":{"line":24,"column":16},"end":{"line":24,"column":45}}},"4":{"name":"render","line":28,"loc":{"start":{"line":28,"column":10},"end":{"line":28,"column":28}}},"5":{"name":"(anonymous_5)","line":35,"loc":{"start":{"line":35,"column":29},"end":{"line":35,"column":47}}}},"statementMap":{"1":{"start":{"line":3,"column":0},"end":{"line":3,"column":29}},"2":{"start":{"line":4,"column":0},"end":{"line":4,"column":18}},"3":{"start":{"line":6,"column":0},"end":{"line":6,"column":47}},"4":{"start":{"line":7,"column":0},"end":{"line":7,"column":39}},"5":{"start":{"line":9,"column":0},"end":{"line":39,"column":3}},"6":{"start":{"line":14,"column":4},"end":{"line":14,"column":43}},"7":{"start":{"line":16,"column":4},"end":{"line":16,"column":34}},"8":{"start":{"line":20,"column":4},"end":{"line":20,"column":43}},"9":{"start":{"line":22,"column":4},"end":{"line":22,"column":30}},"10":{"start":{"line":25,"column":4},"end":{"line":25,"column":49}},"11":{"start":{"line":26,"column":4},"end":{"line":26,"column":61}},"12":{"start":{"line":29,"column":4},"end":{"line":29,"column":33}},"13":{"start":{"line":31,"column":4},"end":{"line":37,"column":8}},"14":{"start":{"line":36,"column":6},"end":{"line":36,"column":65}},"15":{"start":{"line":41,"column":0},"end":{"line":41,"column":27}}},"branchMap":{"1":{"line":14,"type":"binary-expr","locations":[{"start":{"line":14,"column":15},"end":{"line":14,"column":30}},{"start":{"line":14,"column":34},"end":{"line":14,"column":42}}]},"2":{"line":20,"type":"binary-expr","locations":[{"start":{"line":20,"column":15},"end":{"line":20,"column":30}},{"start":{"line":20,"column":34},"end":{"line":20,"column":42}}]},"3":{"line":33,"type":"binary-expr","locations":[{"start":{"line":33,"column":13},"end":{"line":33,"column":29}},{"start":{"line":33,"column":33},"end":{"line":33,"column":53}}]},"4":{"line":36,"type":"binary-expr","locations":[{"start":{"line":36,"column":48},"end":{"line":36,"column":56}},{"start":{"line":36,"column":60},"end":{"line":36,"column":63}}]}},"l":{"3":0,"4":0,"6":0,"7":0,"9":0,"14":0,"16":0,"20":0,"22":0,"25":0,"26":0,"29":0,"31":0,"36":0,"41":0}},
"/Users/niralbhavsar/Anaplan/workspace/plexus-form/dist/build/lib/fields/user_defined.js":{"path":"/Users/niralbhavsar/Anaplan/workspace/plexus-form/dist/build/lib/fields/user_defined.js","s":{"1":0,"2":0,"3":0,"4":0,"5":0,"6":0,"7":0,"8":0,"9":0,"10":0,"11":0,"12":0,"13":0,"14":0},"b":{"1":[0,0],"2":[0,0],"3":[0,0],"4":[0,0]},"f":{"1":0,"2":0,"3":0,"4":0,"5":0},"fnMap":{"1":{"name":"normalize","line":11,"loc":{"start":{"line":11,"column":13},"end":{"line":11,"column":38}}},"2":{"name":"parse","line":15,"loc":{"start":{"line":15,"column":9},"end":{"line":15,"column":30}}},"3":{"name":"handleChange","line":19,"loc":{"start":{"line":19,"column":16},"end":{"line":19,"column":45}}},"4":{"name":"handleKeyPress","line":23,"loc":{"start":{"line":23,"column":18},"end":{"line":23,"column":49}}},"5":{"name":"render","line":28,"loc":{"start":{"line":28,"column":10},"end":{"line":28,"column":28}}}},"statementMap":{"1":{"start":{"line":3,"column":0},"end":{"line":3,"column":29}},"2":{"start":{"line":5,"column":0},"end":{"line":5,"column":47}},"3":{"start":{"line":6,"column":0},"end":{"line":6,"column":39}},"4":{"start":{"line":8,"column":0},"end":{"line":36,"column":3}},"5":{"start":{"line":12,"column":4},"end":{"line":12,"column":40}},"6":{"start":{"line":13,"column":4},"end":{"line":13,"column":30}},"7":{"start":{"line":16,"column":4},"end":{"line":16,"column":36}},"8":{"start":{"line":17,"column":4},"end":{"line":17,"column":30}},"9":{"start":{"line":20,"column":4},"end":{"line":20,"column":37}},"10":{"start":{"line":21,"column":4},"end":{"line":21,"column":63}},"11":{"start":{"line":24,"column":4},"end":{"line":26,"column":5}},"12":{"start":{"line":25,"column":6},"end":{"line":25,"column":29}},"13":{"start":{"line":29,"column":4},"end":{"line":34,"column":7}},"14":{"start":{"line":38,"column":0},"end":{"line":38,"column":34}}},"branchMap":{"1":{"line":13,"type":"cond-expr","locations":[{"start":{"line":13,"column":15},"end":{"line":13,"column":22}},{"start":{"line":13,"column":25},"end":{"line":13,"column":29}}]},"2":{"line":17,"type":"cond-expr","locations":[{"start":{"line":17,"column":15},"end":{"line":17,"column":22}},{"start":{"line":17,"column":25},"end":{"line":17,"column":29}}]},"3":{"line":24,"type":"if","locations":[{"start":{"line":24,"column":4},"end":{"line":24,"column":4}},{"start":{"line":24,"column":4},"end":{"line":24,"column":4}}]},"4":{"line":31,"type":"binary-expr","locations":[{"start":{"line":31,"column":13},"end":{"line":31,"column":29}},{"start":{"line":31,"column":33},"end":{"line":31,"column":35}}]}},"l":{"3":0,"5":0,"6":0,"8":0,"12":0,"13":0,"16":0,"17":0,"20":0,"21":0,"24":0,"25":0,"29":0,"38":0}},
"/Users/niralbhavsar/Anaplan/workspace/plexus-form/dist/build/lib/fields/utils/normalizer.js":{"path":"/Users/niralbhavsar/Anaplan/workspace/plexus-form/dist/build/lib/fields/utils/normalizer.js","s":{"1":0,"2":0,"3":0,"4":0,"5":0,"6":0},"b":{},"f":{"1":0,"2":0,"3":0},"fnMap":{"1":{"name":"(anonymous_1)","line":3,"loc":{"start":{"line":3,"column":17},"end":{"line":3,"column":33}}},"2":{"name":"(anonymous_2)","line":7,"loc":{"start":{"line":7,"column":18},"end":{"line":7,"column":34}}},"3":{"name":"(anonymous_3)","line":11,"loc":{"start":{"line":11,"column":17},"end":{"line":11,"column":33}}}},"statementMap":{"1":{"start":{"line":3,"column":0},"end":{"line":5,"column":2}},"2":{"start":{"line":4,"column":2},"end":{"line":4,"column":76}},"3":{"start":{"line":7,"column":0},"end":{"line":9,"column":2}},"4":{"start":{"line":8,"column":2},"end":{"line":8,"column":60}},"5":{"start":{"line":11,"column":0},"end":{"line":13,"column":2}},"6":{"start":{"line":12,"column":2},"end":{"line":12,"column":163}}},"branchMap":{},"l":{"3":0,"4":0,"7":0,"8":0,"11":0,"12":0}},
"/Users/niralbhavsar/Anaplan/workspace/plexus-form/dist/build/lib/fields/utils/parser.js":{"path":"/Users/niralbhavsar/Anaplan/workspace/plexus-form/dist/build/lib/fields/utils/parser.js","s":{"1":0,"2":0,"3":0,"4":0,"5":0,"6":0,"7":0},"b":{"1":[0,0],"2":[0,0]},"f":{"1":0,"2":0,"3":0},"fnMap":{"1":{"name":"(anonymous_1)","line":5,"loc":{"start":{"line":5,"column":17},"end":{"line":5,"column":33}}},"2":{"name":"(anonymous_2)","line":9,"loc":{"start":{"line":9,"column":18},"end":{"line":9,"column":34}}},"3":{"name":"(anonymous_3)","line":13,"loc":{"start":{"line":13,"column":17},"end":{"line":13,"column":33}}}},"statementMap":{"1":{"start":{"line":3,"column":0},"end":{"line":3,"column":41}},"2":{"start":{"line":5,"column":0},"end":{"line":7,"column":2}},"3":{"start":{"line":6,"column":2},"end":{"line":6,"column":33}},"4":{"start":{"line":9,"column":0},"end":{"line":11,"column":2}},"5":{"start":{"line":10,"column":2},"end":{"line":10,"column":58}},"6":{"start":{"line":13,"column":0},"end":{"line":15,"column":2}},"7":{"start":{"line":14,"column":2},"end":{"line":14,"column":59}}},"branchMap":{"1":{"line":10,"type":"cond-expr","locations":[{"start":{"line":10,"column":16},"end":{"line":10,"column":50}},{"start":{"line":10,"column":53},"end":{"line":10,"column":57}}]},"2":{"line":14,"type":"cond-expr","locations":[{"start":{"line":14,"column":16},"end":{"line":14,"column":51}},{"start":{"line":14,"column":54},"end":{"line":14,"column":58}}]}},"l":{"3":0,"5":0,"6":0,"9":0,"10":0,"13":0,"14":0}},
"/Users/niralbhavsar/Anaplan/workspace/plexus-form/dist/build/lib/fields/utils/wrapped.js":{"path":"/Users/niralbhavsar/Anaplan/workspace/plexus-form/dist/build/lib/fields/utils/wrapped.js","s":{"1":0,"2":0,"3":0,"4":0,"5":0,"6":0,"7":0,"8":0,"9":0,"10":0,"11":0,"12":0,"13":0,"14":0,"15":0,"16":0,"17":0,"18":0,"19":0,"20":0,"21":0,"22":0,"23":0,"24":0,"25":0,"26":0,"27":0,"28":0},"b":{"1":[0,0],"2":[0,0],"3":[0,0],"4":[0,0],"5":[0,0],"6":[0,0],"7":[0,0],"8":[0,0],"9":[0,0],"10":[0,0],"11":[0,0],"12":[0,0],"13":[0,0]},"f":{"1":0,"2":0,"3":0,"4":0,"5":0,"6":0,"7":0},"fnMap":{"1":{"name":"errorClass","line":8,"loc":{"start":{"line":8,"column":17},"end":{"line":8,"column":45}}},"2":{"name":"makeTitle","line":16,"loc":{"start":{"line":16,"column":16},"end":{"line":16,"column":56}}},"3":{"name":"render","line":30,"loc":{"start":{"line":30,"column":10},"end":{"line":30,"column":28}}},"4":{"name":"render","line":46,"loc":{"start":{"line":46,"column":10},"end":{"line":46,"column":28}}},"5":{"name":"propsForWrapper","line":61,"loc":{"start":{"line":61,"column":22},"end":{"line":61,"column":54}}},"6":{"name":"(anonymous_6)","line":73,"loc":{"start":{"line":73,"column":18},"end":{"line":73,"column":43}}},"7":{"name":"(anonymous_7)","line":77,"loc":{"start":{"line":77,"column":16},"end":{"line":77,"column":40}}}},"statementMap":{"1":{"start":{"line":3,"column":0},"end":{"line":3,"column":29}},"2":{"start":{"line":4,"column":0},"end":{"line":4,"column":18}},"3":{"start":{"line":6,"column":0},"end":{"line":6,"column":37}},"4":{"start":{"line":8,"column":0},"end":{"line":14,"column":2}},"5":{"start":{"line":9,"column":2},"end":{"line":11,"column":3}},"6":{"start":{"line":10,"column":4},"end":{"line":10,"column":14}},"7":{"start":{"line":13,"column":2},"end":{"line":13,"column":17}},"8":{"start":{"line":16,"column":0},"end":{"line":25,"column":2}},"9":{"start":{"line":17,"column":2},"end":{"line":17,"column":17}},"10":{"start":{"line":18,"column":2},"end":{"line":20,"column":3}},"11":{"start":{"line":19,"column":4},"end":{"line":19,"column":28}},"12":{"start":{"line":21,"column":2},"end":{"line":23,"column":3}},"13":{"start":{"line":22,"column":4},"end":{"line":22,"column":34}},"14":{"start":{"line":24,"column":2},"end":{"line":24,"column":28}},"15":{"start":{"line":27,"column":0},"end":{"line":41,"column":3}},"16":{"start":{"line":31,"column":4},"end":{"line":31,"column":107}},"17":{"start":{"line":33,"column":4},"end":{"line":39,"column":47}},"18":{"start":{"line":43,"column":0},"end":{"line":59,"column":3}},"19":{"start":{"line":47,"column":4},"end":{"line":47,"column":39}},"20":{"start":{"line":48,"column":4},"end":{"line":48,"column":106}},"21":{"start":{"line":49,"column":4},"end":{"line":49,"column":93}},"22":{"start":{"line":51,"column":4},"end":{"line":57,"column":47}},"23":{"start":{"line":61,"column":0},"end":{"line":71,"column":2}},"24":{"start":{"line":62,"column":2},"end":{"line":70,"column":4}},"25":{"start":{"line":73,"column":0},"end":{"line":75,"column":2}},"26":{"start":{"line":74,"column":2},"end":{"line":74,"column":101}},"27":{"start":{"line":77,"column":0},"end":{"line":79,"column":2}},"28":{"start":{"line":78,"column":2},"end":{"line":78,"column":96}}},"branchMap":{"1":{"line":9,"type":"if","locations":[{"start":{"line":9,"column":2},"end":{"line":9,"column":2}},{"start":{"line":9,"column":2},"end":{"line":9,"column":2}}]},"2":{"line":9,"type":"binary-expr","locations":[{"start":{"line":9,"column":6},"end":{"line":9,"column":13}},{"start":{"line":9,"column":17},"end":{"line":9,"column":36}}]},"3":{"line":18,"type":"if","locations":[{"start":{"line":18,"column":2},"end":{"line":18,"column":2}},{"start":{"line":18,"column":2},"end":{"line":18,"column":2}}]},"4":{"line":18,"type":"binary-expr","locations":[{"start":{"line":18,"column":6},"end":{"line":18,"column":17}},{"start":{"line":18,"column":21},"end":{"line":18,"column":43}}]},"5":{"line":21,"type":"if","locations":[{"start":{"line":21,"column":2},"end":{"line":21,"column":2}},{"start":{"line":21,"column":2},"end":{"line":21,"column":2}}]},"6":{"line":21,"type":"binary-expr","locations":[{"start":{"line":21,"column":6},"end":{"line":21,"column":12}},{"start":{"line":21,"column":16},"end":{"line":21,"column":33}}]},"7":{"line":31,"type":"binary-expr","locations":[{"start":{"line":31,"column":28},"end":{"line":31,"column":57}},{"start":{"line":31,"column":61},"end":{"line":31,"column":63}}]},"8":{"line":31,"type":"binary-expr","locations":[{"start":{"line":31,"column":81},"end":{"line":31,"column":99}},{"start":{"line":31,"column":103},"end":{"line":31,"column":105}}]},"9":{"line":48,"type":"cond-expr","locations":[{"start":{"line":48,"column":56},"end":{"line":48,"column":73}},{"start":{"line":48,"column":76},"end":{"line":48,"column":78}}]},"10":{"line":48,"type":"binary-expr","locations":[{"start":{"line":48,"column":80},"end":{"line":48,"column":98}},{"start":{"line":48,"column":102},"end":{"line":48,"column":104}}]},"11":{"line":49,"type":"binary-expr","locations":[{"start":{"line":49,"column":34},"end":{"line":49,"column":63}},{"start":{"line":49,"column":67},"end":{"line":49,"column":69}}]},"12":{"line":74,"type":"binary-expr","locations":[{"start":{"line":74,"column":29},"end":{"line":74,"column":49}},{"start":{"line":74,"column":53},"end":{"line":74,"column":67}}]},"13":{"line":78,"type":"binary-expr","locations":[{"start":{"line":78,"column":29},"end":{"line":78,"column":47}},{"start":{"line":78,"column":51},"end":{"line":78,"column":63}}]}},"l":{"3":0,"4":0,"6":0,"8":0,"9":0,"10":0,"13":0,"16":0,"17":0,"18":0,"19":0,"21":0,"22":0,"24":0,"27":0,"31":0,"33":0,"43":0,"47":0,"48":0,"49":0,"51":0,"61":0,"62":0,"73":0,"74":0,"77":0,"78":0}},
"/Users/niralbhavsar/Anaplan/workspace/plexus-form/dist/plexus-form.js":{"path":"/Users/niralbhavsar/Anaplan/workspace/plexus-form/dist/plexus-form.js","s":{"1":0,"2":0,"3":0,"4":0,"5":0,"6":0,"7":0,"8":0,"9":0,"10":0,"11":1,"12":0,"13":0,"14":0,"15":0,"16":0,"17":0,"18":0,"19":0,"20":0,"21":0,"22":0,"23":0,"24":0,"25":0,"26":0,"27":0,"28":0,"29":0,"30":0,"31":0,"32":0,"33":0,"34":0,"35":0,"36":0,"37":0,"38":0,"39":0,"40":0,"41":0,"42":0,"43":0,"44":0,"45":0,"46":0,"47":0,"48":0,"49":0,"50":0,"51":0,"52":0,"53":0,"54":0,"55":0,"56":0,"57":0,"58":1,"59":0,"60":0,"61":0,"62":0,"63":0,"64":0,"65":1,"66":0,"67":1,"68":0,"69":0,"70":0,"71":0,"72":0,"73":0,"74":0,"75":1,"76":0,"77":0,"78":0,"79":0,"80":0,"81":0,"82":0,"83":0,"84":0,"85":0,"86":0,"87":0,"88":0,"89":0,"90":0,"91":0,"92":0,"93":0,"94":0,"95":0,"96":0,"97":0,"98":0,"99":0,"100":0,"101":0,"102":0,"103":0,"104":0,"105":0,"106":0,"107":0,"108":0,"109":0,"110":0,"111":0,"112":0,"113":0,"114":0,"115":0,"116":0,"117":0,"118":0,"119":0,"120":0,"121":0,"122":0,"123":0,"124":0,"125":0,"126":0,"127":0,"128":0,"129":0,"130":0,"131":0,"132":0,"133":0,"134":0,"135":0,"136":0,"137":0,"138":0,"139":0,"140":0,"141":0,"142":0,"143":0,"144":0,"145":0,"146":0,"147":0,"148":0,"149":0,"150":0,"151":0,"152":0,"153":0,"154":0,"155":0,"156":0,"157":0,"158":0,"159":0,"160":0,"161":0,"162":0,"163":0,"164":0,"165":0,"166":0,"167":0,"168":0,"169":0,"170":0,"171":0,"172":0,"173":0,"174":0,"175":0,"176":0,"177":0,"178":0,"179":0,"180":0,"181":0,"182":0,"183":0,"184":0,"185":1,"186":0,"187":0,"188":0,"189":0,"190":0,"191":0,"192":0,"193":0,"194":0,"195":0,"196":0,"197":0,"198":0,"199":0,"200":0,"201":0,"202":0,"203":0,"204":0,"205":0,"206":0,"207":0,"208":0,"209":0,"210":0,"211":0,"212":0,"213":0,"214":0,"215":0,"216":0,"217":0,"218":0,"219":0,"220":0,"221":0,"222":0,"223":0,"224":0,"225":0,"226":0,"227":0,"228":0,"229":0,"230":0,"231":0,"232":0,"233":0,"234":0,"235":0,"236":0,"237":0,"238":0,"239":0,"240":0,"241":0,"242":0,"243":0,"244":0,"245":0,"246":0,"247":0,"248":0,"249":0,"250":0,"251":0,"252":0,"253":0,"254":0,"255":0,"256":0,"257":0,"258":0,"259":0,"260":0,"261":0,"262":0,"263":0,"264":0,"265":0,"266":0,"267":0,"268":0,"269":0,"270":0,"271":0,"272":0,"273":0,"274":0,"275":0,"276":0,"277":0,"278":0,"279":0,"280":0,"281":0,"282":0,"283":0,"284":0,"285":0,"286":0,"287":0,"288":0,"289":0,"290":0,"291":1,"292":0,"293":0,"294":0,"295":0,"296":0,"297":0,"298":0,"299":0,"300":0,"301":0,"302":0,"303":0,"304":0,"305":0,"306":0,"307":1,"308":0,"309":0,"310":0,"311":0,"312":0,"313":0,"314":0,"315":0,"316":0,"317":0,"318":0,"319":0,"320":0,"321":0,"322":0,"323":0,"324":0,"325":0,"326":0,"327":0,"328":0,"329":0,"330":0,"331":0,"332":0,"333":0,"334":0,"335":0,"336":0,"337":0,"338":0,"339":0,"340":0,"341":0,"342":0,"343":0,"344":0,"345":0,"346":0,"347":0,"348":0,"349":0,"350":0,"351":0,"352":0,"353":0,"354":0,"355":0,"356":0,"357":0,"358":0,"359":0,"360":0},"b":{"1":[0,0],"2":[0,0],"3":[0,0],"4":[0,0],"5":[0,0],"6":[0,0],"7":[0,0],"8":[0,0],"9":[0,0],"10":[0,0],"11":[0,0],"12":[0,0],"13":[0,0],"14":[0,0],"15":[0,0],"16":[0,0],"17":[0,0],"18":[0,0],"19":[0,0],"20":[0,0],"21":[0,0],"22":[0,0],"23":[0,0],"24":[0,0,0],"25":[0,0],"26":[0,0],"27":[0,0],"28":[0,0],"29":[0,0],"30":[0,0],"31":[0,0],"32":[0,0],"33":[0,0],"34":[0,0],"35":[0,0],"36":[0,0],"37":[0,0],"38":[0,0],"39":[0,0],"40":[0,0],"41":[0,0],"42":[0,0],"43":[0,0],"44":[0,0],"45":[0,0],"46":[0,0],"47":[0,0],"48":[0,0],"49":[0,0],"50":[0,0],"51":[0,0],"52":[0,0],"53":[0,0],"54":[0,0],"55":[0,0],"56":[0,0],"57":[0,0],"58":[0,0],"59":[0,0],"60":[0,0],"61":[0,0],"62":[0,0],"63":[0,0],"64":[0,0],"65":[0,0],"66":[0,0],"67":[0,0],"68":[0,0],"69":[0,0],"70":[0,0],"71":[0,0],"72":[0,0],"73":[0,0,0,0,0,0,0],"74":[0,0],"75":[0,0],"76":[0,0],"77":[0,0],"78":[0,0],"79":[0,0],"80":[0,0],"81":[0,0],"82":[0,0],"83":[0,0],"84":[0,0],"85":[0,0],"86":[0,0],"87":[0,0],"88":[0,0],"89":[0,0],"90":[0,0],"91":[0,0],"92":[0,0],"93":[0,0]},"f":{"1":0,"2":0,"3":0,"4":0,"5":0,"6":0,"7":0,"8":0,"9":0,"10":0,"11":0,"12":0,"13":0,"14":0,"15":0,"16":0,"17":0,"18":0,"19":0,"20":0,"21":0,"22":0,"23":0,"24":0,"25":0,"26":0,"27":0,"28":0,"29":0,"30":0,"31":0,"32":0,"33":0,"34":0,"35":0,"36":0,"37":0,"38":0,"39":0,"40":0,"41":0,"42":0,"43":0,"44":0,"45":0,"46":0,"47":0,"48":0,"49":0,"50":0,"51":0,"52":0,"53":0,"54":0,"55":0,"56":0,"57":0,"58":0,"59":0,"60":0,"61":0,"62":0,"63":0,"64":0,"65":0,"66":0,"67":0,"68":0,"69":0,"70":0,"71":0,"72":0,"73":0,"74":0,"75":0,"76":0,"77":0,"78":0,"79":0,"80":0,"81":0,"82":0,"83":0,"84":0,"85":0,"86":0,"87":0,"88":0,"89":0,"90":0,"91":0,"92":0,"93":0},"fnMap":{"1":{"name":"webpackUniversalModuleDefinition","line":1,"loc":{"start":{"line":1,"column":1},"end":{"line":1,"column":58}}},"2":{"name":"(anonymous_2)","line":10,"loc":{"start":{"line":10,"column":9},"end":{"line":10,"column":49}}},"3":{"name":"(anonymous_3)","line":11,"loc":{"start":{"line":11,"column":17},"end":{"line":11,"column":35}}},"4":{"name":"__webpack_require__","line":16,"loc":{"start":{"line":16,"column":10},"end":{"line":16,"column":49}}},"5":{"name":"(anonymous_5)","line":55,"loc":{"start":{"line":55,"column":6},"end":{"line":55,"column":53}}},"6":{"name":"(anonymous_6)","line":88,"loc":{"start":{"line":88,"column":6},"end":{"line":88,"column":53}}},"7":{"name":"(anonymous_7)","line":104,"loc":{"start":{"line":104,"column":20},"end":{"line":104,"column":31}}},"8":{"name":"(anonymous_8)","line":111,"loc":{"start":{"line":111,"column":30},"end":{"line":111,"column":46}}},"9":{"name":"(anonymous_9)","line":120,"loc":{"start":{"line":120,"column":13},"end":{"line":120,"column":41}}},"10":{"name":"(anonymous_10)","line":140,"loc":{"start":{"line":140,"column":13},"end":{"line":140,"column":28}}},"11":{"name":"(anonymous_11)","line":143,"loc":{"start":{"line":143,"column":14},"end":{"line":143,"column":29}}},"12":{"name":"(anonymous_12)","line":146,"loc":{"start":{"line":146,"column":13},"end":{"line":146,"column":47}}},"13":{"name":"(anonymous_13)","line":149,"loc":{"start":{"line":149,"column":18},"end":{"line":149,"column":34}}},"14":{"name":"(anonymous_14)","line":152,"loc":{"start":{"line":152,"column":17},"end":{"line":152,"column":33}}},"15":{"name":"(anonymous_15)","line":157,"loc":{"start":{"line":157,"column":19},"end":{"line":157,"column":35}}},"16":{"name":"(anonymous_16)","line":162,"loc":{"start":{"line":162,"column":18},"end":{"line":162,"column":29}}},"17":{"name":"(anonymous_17)","line":170,"loc":{"start":{"line":170,"column":14},"end":{"line":170,"column":30}}},"18":{"name":"(anonymous_18)","line":179,"loc":{"start":{"line":179,"column":11},"end":{"line":179,"column":22}}},"19":{"name":"hashedErrors","line":203,"loc":{"start":{"line":203,"column":1},"end":{"line":203,"column":31}}},"20":{"name":"makeKey","line":213,"loc":{"start":{"line":213,"column":1},"end":{"line":213,"column":24}}},"21":{"name":"context","line":217,"loc":{"start":{"line":217,"column":1},"end":{"line":217,"column":25}}},"22":{"name":"(anonymous_22)","line":224,"loc":{"start":{"line":224,"column":6},"end":{"line":224,"column":53}}},"23":{"name":"(anonymous_23)","line":230,"loc":{"start":{"line":230,"column":6},"end":{"line":230,"column":53}}},"24":{"name":"(anonymous_24)","line":240,"loc":{"start":{"line":240,"column":18},"end":{"line":240,"column":50}}},"25":{"name":"withDefaultOptions","line":244,"loc":{"start":{"line":244,"column":1},"end":{"line":244,"column":52}}},"26":{"name":"(anonymous_26)","line":278,"loc":{"start":{"line":278,"column":6},"end":{"line":278,"column":53}}},"27":{"name":"(anonymous_27)","line":294,"loc":{"start":{"line":294,"column":6},"end":{"line":294,"column":53}}},"28":{"name":"(anonymous_28)","line":322,"loc":{"start":{"line":322,"column":13},"end":{"line":322,"column":25}}},"29":{"name":"(anonymous_29)","line":326,"loc":{"start":{"line":326,"column":14},"end":{"line":326,"column":25}}},"30":{"name":"(anonymous_30)","line":342,"loc":{"start":{"line":342,"column":13},"end":{"line":342,"column":24}}},"31":{"name":"(anonymous_31)","line":355,"loc":{"start":{"line":355,"column":13},"end":{"line":355,"column":34}}},"32":{"name":"(anonymous_32)","line":363,"loc":{"start":{"line":363,"column":13},"end":{"line":363,"column":41}}},"33":{"name":"(anonymous_33)","line":374,"loc":{"start":{"line":374,"column":13},"end":{"line":374,"column":28}}},"34":{"name":"(anonymous_34)","line":401,"loc":{"start":{"line":401,"column":13},"end":{"line":401,"column":33}}},"35":{"name":"(anonymous_35)","line":417,"loc":{"start":{"line":417,"column":11},"end":{"line":417,"column":29}}},"36":{"name":"(anonymous_36)","line":428,"loc":{"start":{"line":428,"column":15},"end":{"line":428,"column":33}}},"37":{"name":"(anonymous_37)","line":453,"loc":{"start":{"line":453,"column":6},"end":{"line":453,"column":53}}},"38":{"name":"(anonymous_38)","line":460,"loc":{"start":{"line":460,"column":18},"end":{"line":460,"column":51}}},"39":{"name":"(anonymous_39)","line":468,"loc":{"start":{"line":468,"column":39},"end":{"line":468,"column":53}}},"40":{"name":"(anonymous_40)","line":472,"loc":{"start":{"line":472,"column":30},"end":{"line":472,"column":44}}},"41":{"name":"(anonymous_41)","line":488,"loc":{"start":{"line":488,"column":6},"end":{"line":488,"column":53}}},"42":{"name":"(anonymous_42)","line":495,"loc":{"start":{"line":495,"column":18},"end":{"line":495,"column":44}}},"43":{"name":"without","line":512,"loc":{"start":{"line":512,"column":1},"end":{"line":512,"column":23}}},"44":{"name":"(anonymous_44)","line":528,"loc":{"start":{"line":528,"column":6},"end":{"line":528,"column":53}}},"45":{"name":"(anonymous_45)","line":539,"loc":{"start":{"line":539,"column":17},"end":{"line":539,"column":33}}},"46":{"name":"(anonymous_46)","line":543,"loc":{"start":{"line":543,"column":11},"end":{"line":543,"column":22}}},"47":{"name":"(anonymous_47)","line":558,"loc":{"start":{"line":558,"column":6},"end":{"line":558,"column":53}}},"48":{"name":"(anonymous_48)","line":574,"loc":{"start":{"line":574,"column":13},"end":{"line":574,"column":29}}},"49":{"name":"(anonymous_49)","line":585,"loc":{"start":{"line":585,"column":21},"end":{"line":585,"column":37}}},"50":{"name":"(anonymous_50)","line":599,"loc":{"start":{"line":599,"column":11},"end":{"line":599,"column":22}}},"51":{"name":"(anonymous_51)","line":620,"loc":{"start":{"line":620,"column":6},"end":{"line":620,"column":53}}},"52":{"name":"(anonymous_52)","line":634,"loc":{"start":{"line":634,"column":14},"end":{"line":634,"column":29}}},"53":{"name":"(anonymous_53)","line":637,"loc":{"start":{"line":637,"column":10},"end":{"line":637,"column":25}}},"54":{"name":"(anonymous_54)","line":640,"loc":{"start":{"line":640,"column":17},"end":{"line":640,"column":33}}},"55":{"name":"(anonymous_55)","line":644,"loc":{"start":{"line":644,"column":19},"end":{"line":644,"column":35}}},"56":{"name":"(anonymous_56)","line":649,"loc":{"start":{"line":649,"column":11},"end":{"line":649,"column":22}}},"57":{"name":"(anonymous_57)","line":665,"loc":{"start":{"line":665,"column":6},"end":{"line":665,"column":53}}},"58":{"name":"(anonymous_58)","line":678,"loc":{"start":{"line":678,"column":14},"end":{"line":678,"column":29}}},"59":{"name":"(anonymous_59)","line":682,"loc":{"start":{"line":682,"column":10},"end":{"line":682,"column":25}}},"60":{"name":"(anonymous_60)","line":686,"loc":{"start":{"line":686,"column":17},"end":{"line":686,"column":33}}},"61":{"name":"(anonymous_61)","line":690,"loc":{"start":{"line":690,"column":19},"end":{"line":690,"column":35}}},"62":{"name":"(anonymous_62)","line":695,"loc":{"start":{"line":695,"column":11},"end":{"line":695,"column":22}}},"63":{"name":"(anonymous_63)","line":710,"loc":{"start":{"line":710,"column":6},"end":{"line":710,"column":53}}},"64":{"name":"(anonymous_64)","line":724,"loc":{"start":{"line":724,"column":14},"end":{"line":724,"column":29}}},"65":{"name":"(anonymous_65)","line":730,"loc":{"start":{"line":730,"column":10},"end":{"line":730,"column":25}}},"66":{"name":"(anonymous_66)","line":736,"loc":{"start":{"line":736,"column":17},"end":{"line":736,"column":33}}},"67":{"name":"(anonymous_67)","line":740,"loc":{"start":{"line":740,"column":11},"end":{"line":740,"column":22}}},"68":{"name":"(anonymous_68)","line":749,"loc":{"start":{"line":749,"column":29},"end":{"line":749,"column":46}}},"69":{"name":"(anonymous_69)","line":760,"loc":{"start":{"line":760,"column":6},"end":{"line":760,"column":53}}},"70":{"name":"(anonymous_70)","line":773,"loc":{"start":{"line":773,"column":18},"end":{"line":773,"column":42}}},"71":{"name":"makeKey","line":823,"loc":{"start":{"line":823,"column":1},"end":{"line":823,"column":24}}},"72":{"name":"(anonymous_72)","line":830,"loc":{"start":{"line":830,"column":6},"end":{"line":830,"column":53}}},"73":{"name":"(anonymous_73)","line":840,"loc":{"start":{"line":840,"column":16},"end":{"line":840,"column":40}}},"74":{"name":"(anonymous_74)","line":845,"loc":{"start":{"line":845,"column":10},"end":{"line":845,"column":34}}},"75":{"name":"(anonymous_75)","line":857,"loc":{"start":{"line":857,"column":11},"end":{"line":857,"column":35}}},"76":{"name":"(anonymous_76)","line":860,"loc":{"start":{"line":860,"column":21},"end":{"line":860,"column":35}}},"77":{"name":"fullOrdering","line":871,"loc":{"start":{"line":871,"column":1},"end":{"line":871,"column":34}}},"78":{"name":"(anonymous_78)","line":896,"loc":{"start":{"line":896,"column":6},"end":{"line":896,"column":53}}},"79":{"name":"(anonymous_79)","line":906,"loc":{"start":{"line":906,"column":18},"end":{"line":906,"column":35}}},"80":{"name":"(anonymous_80)","line":914,"loc":{"start":{"line":914,"column":17},"end":{"line":914,"column":47}}},"81":{"name":"(anonymous_81)","line":926,"loc":{"start":{"line":926,"column":11},"end":{"line":926,"column":22}}},"82":{"name":"(anonymous_82)","line":947,"loc":{"start":{"line":947,"column":11},"end":{"line":947,"column":22}}},"83":{"name":"(anonymous_83)","line":971,"loc":{"start":{"line":971,"column":23},"end":{"line":971,"column":39}}},"84":{"name":"(anonymous_84)","line":983,"loc":{"start":{"line":983,"column":19},"end":{"line":983,"column":43}}},"85":{"name":"(anonymous_85)","line":989,"loc":{"start":{"line":989,"column":17},"end":{"line":989,"column":40}}},"86":{"name":"(anonymous_86)","line":998,"loc":{"start":{"line":998,"column":6},"end":{"line":998,"column":53}}},"87":{"name":"(anonymous_87)","line":1003,"loc":{"start":{"line":1003,"column":18},"end":{"line":1003,"column":33}}},"88":{"name":"(anonymous_88)","line":1010,"loc":{"start":{"line":1010,"column":19},"end":{"line":1010,"column":34}}},"89":{"name":"(anonymous_89)","line":1016,"loc":{"start":{"line":1016,"column":18},"end":{"line":1016,"column":33}}},"90":{"name":"(anonymous_90)","line":1028,"loc":{"start":{"line":1028,"column":6},"end":{"line":1028,"column":53}}},"91":{"name":"(anonymous_91)","line":1035,"loc":{"start":{"line":1035,"column":18},"end":{"line":1035,"column":33}}},"92":{"name":"(anonymous_92)","line":1039,"loc":{"start":{"line":1039,"column":19},"end":{"line":1039,"column":34}}},"93":{"name":"(anonymous_93)","line":1043,"loc":{"start":{"line":1043,"column":18},"end":{"line":1043,"column":33}}}},"statementMap":{"1":{"start":{"line":1,"column":0},"end":{"line":1050,"column":3}},"2":{"start":{"line":2,"column":1},"end":{"line":9,"column":46}},"3":{"start":{"line":3,"column":2},"end":{"line":3,"column":45}},"4":{"start":{"line":4,"column":6},"end":{"line":9,"column":46}},"5":{"start":{"line":5,"column":2},"end":{"line":5,"column":29}},"6":{"start":{"line":6,"column":6},"end":{"line":9,"column":46}},"7":{"start":{"line":7,"column":2},"end":{"line":7,"column":52}},"8":{"start":{"line":9,"column":2},"end":{"line":9,"column":46}},"9":{"start":{"line":11,"column":0},"end":{"line":1049,"column":11}},"10":{"start":{"line":13,"column":10},"end":{"line":13,"column":36}},"11":{"start":{"line":16,"column":10},"end":{"line":37,"column":11}},"12":{"start":{"line":19,"column":11},"end":{"line":20,"column":54}},"13":{"start":{"line":20,"column":12},"end":{"line":20,"column":54}},"14":{"start":{"line":23,"column":11},"end":{"line":27,"column":13}},"15":{"start":{"line":30,"column":11},"end":{"line":30,"column":95}},"16":{"start":{"line":33,"column":11},"end":{"line":33,"column":32}},"17":{"start":{"line":36,"column":11},"end":{"line":36,"column":33}},"18":{"start":{"line":41,"column":10},"end":{"line":41,"column":42}},"19":{"start":{"line":44,"column":10},"end":{"line":44,"column":51}},"20":{"start":{"line":47,"column":10},"end":{"line":47,"column":37}},"21":{"start":{"line":50,"column":10},"end":{"line":50,"column":40}},"22":{"start":{"line":83,"column":1},"end":{"line":83,"column":41}},"23":{"start":{"line":92,"column":1},"end":{"line":92,"column":36}},"24":{"start":{"line":93,"column":1},"end":{"line":93,"column":19}},"25":{"start":{"line":95,"column":1},"end":{"line":95,"column":33}},"26":{"start":{"line":97,"column":1},"end":{"line":97,"column":37}},"27":{"start":{"line":98,"column":1},"end":{"line":98,"column":40}},"28":{"start":{"line":101,"column":1},"end":{"line":201,"column":4}},"29":{"start":{"line":105,"column":5},"end":{"line":105,"column":36}},"30":{"start":{"line":106,"column":5},"end":{"line":106,"column":80}},"31":{"start":{"line":107,"column":5},"end":{"line":109,"column":31}},"32":{"start":{"line":112,"column":5},"end":{"line":112,"column":52}},"33":{"start":{"line":113,"column":5},"end":{"line":113,"column":52}},"34":{"start":{"line":114,"column":5},"end":{"line":118,"column":8}},"35":{"start":{"line":121,"column":5},"end":{"line":121,"column":36}},"36":{"start":{"line":122,"column":5},"end":{"line":122,"column":38}},"37":{"start":{"line":123,"column":5},"end":{"line":124,"column":41}},"38":{"start":{"line":125,"column":5},"end":{"line":126,"column":41}},"39":{"start":{"line":127,"column":5},"end":{"line":127,"column":53}},"40":{"start":{"line":129,"column":5},"end":{"line":138,"column":6}},"41":{"start":{"line":130,"column":7},"end":{"line":130,"column":49}},"42":{"start":{"line":133,"column":7},"end":{"line":137,"column":10}},"43":{"start":{"line":141,"column":5},"end":{"line":141,"column":46}},"44":{"start":{"line":144,"column":5},"end":{"line":144,"column":45}},"45":{"start":{"line":147,"column":5},"end":{"line":147,"column":71}},"46":{"start":{"line":150,"column":5},"end":{"line":150,"column":28}},"47":{"start":{"line":153,"column":5},"end":{"line":155,"column":44}},"48":{"start":{"line":158,"column":5},"end":{"line":160,"column":6}},"49":{"start":{"line":159,"column":7},"end":{"line":159,"column":74}},"50":{"start":{"line":163,"column":5},"end":{"line":163,"column":36}},"51":{"start":{"line":165,"column":5},"end":{"line":177,"column":6}},"52":{"start":{"line":166,"column":7},"end":{"line":166,"column":41}},"53":{"start":{"line":169,"column":7},"end":{"line":175,"column":12}},"54":{"start":{"line":171,"column":11},"end":{"line":174,"column":47}},"55":{"start":{"line":176,"column":7},"end":{"line":176,"column":33}},"56":{"start":{"line":180,"column":5},"end":{"line":191,"column":8}},"57":{"start":{"line":193,"column":5},"end":{"line":199,"column":41}},"58":{"start":{"line":203,"column":1},"end":{"line":211,"column":2}},"59":{"start":{"line":204,"column":3},"end":{"line":204,"column":19}},"60":{"start":{"line":205,"column":3},"end":{"line":205,"column":16}},"61":{"start":{"line":206,"column":3},"end":{"line":209,"column":4}},"62":{"start":{"line":207,"column":5},"end":{"line":207,"column":23}},"63":{"start":{"line":208,"column":5},"end":{"line":208,"column":48}},"64":{"start":{"line":210,"column":3},"end":{"line":210,"column":17}},"65":{"start":{"line":213,"column":1},"end":{"line":215,"column":2}},"66":{"start":{"line":214,"column":3},"end":{"line":214,"column":25}},"67":{"start":{"line":217,"column":1},"end":{"line":219,"column":2}},"68":{"start":{"line":218,"column":3},"end":{"line":218,"column":40}},"69":{"start":{"line":226,"column":1},"end":{"line":226,"column":48}},"70":{"start":{"line":234,"column":1},"end":{"line":234,"column":33}},"71":{"start":{"line":236,"column":1},"end":{"line":236,"column":42}},"72":{"start":{"line":237,"column":1},"end":{"line":237,"column":38}},"73":{"start":{"line":240,"column":1},"end":{"line":242,"column":3}},"74":{"start":{"line":241,"column":3},"end":{"line":241,"column":62}},"75":{"start":{"line":244,"column":1},"end":{"line":273,"column":2}},"76":{"start":{"line":245,"column":3},"end":{"line":245,"column":14}},"77":{"start":{"line":246,"column":3},"end":{"line":246,"column":11}},"78":{"start":{"line":247,"column":3},"end":{"line":247,"column":50}},"79":{"start":{"line":249,"column":3},"end":{"line":251,"column":4}},"80":{"start":{"line":250,"column":5},"end":{"line":250,"column":74}},"81":{"start":{"line":253,"column":3},"end":{"line":271,"column":4}},"82":{"start":{"line":254,"column":5},"end":{"line":254,"column":49}},"83":{"start":{"line":255,"column":10},"end":{"line":271,"column":4}},"84":{"start":{"line":256,"column":5},"end":{"line":256,"column":29}},"85":{"start":{"line":257,"column":5},"end":{"line":261,"column":6}},"86":{"start":{"line":258,"column":7},"end":{"line":260,"column":49}},"87":{"start":{"line":262,"column":10},"end":{"line":271,"column":4}},"88":{"start":{"line":263,"column":5},"end":{"line":263,"column":17}},"89":{"start":{"line":264,"column":5},"end":{"line":268,"column":6}},"90":{"start":{"line":265,"column":7},"end":{"line":267,"column":49}},"91":{"start":{"line":270,"column":5},"end":{"line":270,"column":19}},"92":{"start":{"line":272,"column":3},"end":{"line":272,"column":17}},"93":{"start":{"line":282,"column":1},"end":{"line":289,"column":3}},"94":{"start":{"line":322,"column":1},"end":{"line":324,"column":3}},"95":{"start":{"line":323,"column":3},"end":{"line":323,"column":55}},"96":{"start":{"line":326,"column":1},"end":{"line":339,"column":3}},"97":{"start":{"line":327,"column":3},"end":{"line":327,"column":52}},"98":{"start":{"line":328,"column":3},"end":{"line":328,"column":19}},"99":{"start":{"line":329,"column":3},"end":{"line":329,"column":9}},"100":{"start":{"line":331,"column":3},"end":{"line":333,"column":19}},"101":{"start":{"line":332,"column":5},"end":{"line":333,"column":19}},"102":{"start":{"line":333,"column":7},"end":{"line":333,"column":19}},"103":{"start":{"line":335,"column":3},"end":{"line":336,"column":35}},"104":{"start":{"line":336,"column":5},"end":{"line":336,"column":35}},"105":{"start":{"line":338,"column":3},"end":{"line":338,"column":17}},"106":{"start":{"line":342,"column":1},"end":{"line":352,"column":3}},"107":{"start":{"line":343,"column":3},"end":{"line":343,"column":52}},"108":{"start":{"line":344,"column":3},"end":{"line":344,"column":52}},"109":{"start":{"line":345,"column":3},"end":{"line":345,"column":19}},"110":{"start":{"line":346,"column":3},"end":{"line":350,"column":4}},"111":{"start":{"line":347,"column":5},"end":{"line":347,"column":19}},"112":{"start":{"line":348,"column":5},"end":{"line":349,"column":30}},"113":{"start":{"line":349,"column":7},"end":{"line":349,"column":30}},"114":{"start":{"line":351,"column":3},"end":{"line":351,"column":17}},"115":{"start":{"line":355,"column":1},"end":{"line":360,"column":3}},"116":{"start":{"line":356,"column":3},"end":{"line":359,"column":47}},"117":{"start":{"line":357,"column":5},"end":{"line":357,"column":17}},"118":{"start":{"line":359,"column":5},"end":{"line":359,"column":47}},"119":{"start":{"line":363,"column":1},"end":{"line":371,"column":3}},"120":{"start":{"line":364,"column":3},"end":{"line":370,"column":4}},"121":{"start":{"line":365,"column":5},"end":{"line":365,"column":18}},"122":{"start":{"line":367,"column":5},"end":{"line":367,"column":55}},"123":{"start":{"line":368,"column":5},"end":{"line":368,"column":58}},"124":{"start":{"line":369,"column":5},"end":{"line":369,"column":48}},"125":{"start":{"line":374,"column":1},"end":{"line":398,"column":3}},"126":{"start":{"line":375,"column":3},"end":{"line":375,"column":32}},"127":{"start":{"line":377,"column":3},"end":{"line":395,"column":19}},"128":{"start":{"line":378,"column":5},"end":{"line":378,"column":19}},"129":{"start":{"line":379,"column":8},"end":{"line":395,"column":19}},"130":{"start":{"line":380,"column":5},"end":{"line":380,"column":35}},"131":{"start":{"line":381,"column":5},"end":{"line":381,"column":32}},"132":{"start":{"line":382,"column":5},"end":{"line":390,"column":6}},"133":{"start":{"line":383,"column":7},"end":{"line":383,"column":30}},"134":{"start":{"line":384,"column":7},"end":{"line":389,"column":8}},"135":{"start":{"line":385,"column":9},"end":{"line":388,"column":29}},"136":{"start":{"line":386,"column":11},"end":{"line":386,"column":28}},"137":{"start":{"line":388,"column":11},"end":{"line":388,"column":29}},"138":{"start":{"line":392,"column":5},"end":{"line":393,"column":21}},"139":{"start":{"line":393,"column":7},"end":{"line":393,"column":21}},"140":{"start":{"line":395,"column":5},"end":{"line":395,"column":19}},"141":{"start":{"line":397,"column":3},"end":{"line":397,"column":17}},"142":{"start":{"line":401,"column":1},"end":{"line":414,"column":3}},"143":{"start":{"line":402,"column":3},"end":{"line":402,"column":17}},"144":{"start":{"line":403,"column":3},"end":{"line":403,"column":16}},"145":{"start":{"line":405,"column":3},"end":{"line":411,"column":4}},"146":{"start":{"line":406,"column":5},"end":{"line":406,"column":24}},"147":{"start":{"line":407,"column":5},"end":{"line":410,"column":22}},"148":{"start":{"line":408,"column":7},"end":{"line":408,"column":23}},"149":{"start":{"line":410,"column":7},"end":{"line":410,"column":22}},"150":{"start":{"line":413,"column":3},"end":{"line":413,"column":22}},"151":{"start":{"line":417,"column":1},"end":{"line":425,"column":3}},"152":{"start":{"line":418,"column":3},"end":{"line":418,"column":19}},"153":{"start":{"line":419,"column":3},"end":{"line":419,"column":11}},"154":{"start":{"line":421,"column":3},"end":{"line":422,"column":32}},"155":{"start":{"line":422,"column":5},"end":{"line":422,"column":32}},"156":{"start":{"line":424,"column":3},"end":{"line":424,"column":17}},"157":{"start":{"line":428,"column":1},"end":{"line":436,"column":3}},"158":{"start":{"line":429,"column":3},"end":{"line":429,"column":19}},"159":{"start":{"line":430,"column":3},"end":{"line":430,"column":11}},"160":{"start":{"line":432,"column":3},"end":{"line":433,"column":32}},"161":{"start":{"line":433,"column":5},"end":{"line":433,"column":32}},"162":{"start":{"line":435,"column":3},"end":{"line":435,"column":17}},"163":{"start":{"line":439,"column":1},"end":{"line":448,"column":3}},"164":{"start":{"line":457,"column":1},"end":{"line":457,"column":33}},"165":{"start":{"line":458,"column":1},"end":{"line":458,"column":38}},"166":{"start":{"line":460,"column":1},"end":{"line":483,"column":3}},"167":{"start":{"line":461,"column":3},"end":{"line":461,"column":35}},"168":{"start":{"line":463,"column":3},"end":{"line":463,"column":64}},"169":{"start":{"line":464,"column":3},"end":{"line":466,"column":4}},"170":{"start":{"line":465,"column":5},"end":{"line":465,"column":12}},"171":{"start":{"line":468,"column":3},"end":{"line":470,"column":6}},"172":{"start":{"line":469,"column":5},"end":{"line":469,"column":34}},"173":{"start":{"line":472,"column":3},"end":{"line":474,"column":6}},"174":{"start":{"line":473,"column":5},"end":{"line":473,"column":71}},"175":{"start":{"line":476,"column":3},"end":{"line":476,"column":52}},"176":{"start":{"line":478,"column":3},"end":{"line":482,"column":39}},"177":{"start":{"line":492,"column":1},"end":{"line":492,"column":33}},"178":{"start":{"line":495,"column":1},"end":{"line":510,"column":3}},"179":{"start":{"line":496,"column":3},"end":{"line":496,"column":34}},"180":{"start":{"line":498,"column":3},"end":{"line":509,"column":4}},"181":{"start":{"line":499,"column":5},"end":{"line":501,"column":6}},"182":{"start":{"line":500,"column":7},"end":{"line":500,"column":73}},"183":{"start":{"line":503,"column":5},"end":{"line":505,"column":32}},"184":{"start":{"line":508,"column":5},"end":{"line":508,"column":19}},"185":{"start":{"line":512,"column":1},"end":{"line":523,"column":2}},"186":{"start":{"line":513,"column":3},"end":{"line":513,"column":39}},"187":{"start":{"line":514,"column":3},"end":{"line":514,"column":45}},"188":{"start":{"line":516,"column":3},"end":{"line":520,"column":4}},"189":{"start":{"line":517,"column":5},"end":{"line":519,"column":6}},"190":{"start":{"line":518,"column":7},"end":{"line":518,"column":30}},"191":{"start":{"line":522,"column":3},"end":{"line":522,"column":17}},"192":{"start":{"line":532,"column":1},"end":{"line":532,"column":36}},"193":{"start":{"line":533,"column":1},"end":{"line":533,"column":19}},"194":{"start":{"line":536,"column":1},"end":{"line":550,"column":4}},"195":{"start":{"line":540,"column":5},"end":{"line":540,"column":36}},"196":{"start":{"line":541,"column":5},"end":{"line":541,"column":50}},"197":{"start":{"line":544,"column":5},"end":{"line":548,"column":38}},"198":{"start":{"line":552,"column":1},"end":{"line":552,"column":27}},"199":{"start":{"line":562,"column":1},"end":{"line":562,"column":36}},"200":{"start":{"line":563,"column":1},"end":{"line":563,"column":19}},"201":{"start":{"line":565,"column":1},"end":{"line":565,"column":33}},"202":{"start":{"line":567,"column":1},"end":{"line":567,"column":37}},"203":{"start":{"line":568,"column":1},"end":{"line":568,"column":39}},"204":{"start":{"line":571,"column":1},"end":{"line":612,"column":4}},"205":{"start":{"line":575,"column":5},"end":{"line":575,"column":35}},"206":{"start":{"line":576,"column":5},"end":{"line":576,"column":38}},"207":{"start":{"line":577,"column":5},"end":{"line":581,"column":8}},"208":{"start":{"line":583,"column":5},"end":{"line":583,"column":50}},"209":{"start":{"line":585,"column":5},"end":{"line":588,"column":18}},"210":{"start":{"line":586,"column":7},"end":{"line":586,"column":38}},"211":{"start":{"line":587,"column":7},"end":{"line":587,"column":52}},"212":{"start":{"line":590,"column":5},"end":{"line":597,"column":6}},"213":{"start":{"line":591,"column":7},"end":{"line":596,"column":8}},"214":{"start":{"line":592,"column":9},"end":{"line":592,"column":36}},"215":{"start":{"line":595,"column":9},"end":{"line":595,"column":33}},"216":{"start":{"line":600,"column":5},"end":{"line":600,"column":42}},"217":{"start":{"line":601,"column":5},"end":{"line":601,"column":40}},"218":{"start":{"line":602,"column":5},"end":{"line":608,"column":7}},"219":{"start":{"line":610,"column":5},"end":{"line":610,"column":87}},"220":{"start":{"line":614,"column":1},"end":{"line":614,"column":28}},"221":{"start":{"line":624,"column":1},"end":{"line":624,"column":36}},"222":{"start":{"line":625,"column":1},"end":{"line":625,"column":19}},"223":{"start":{"line":627,"column":1},"end":{"line":627,"column":42}},"224":{"start":{"line":628,"column":1},"end":{"line":628,"column":38}},"225":{"start":{"line":631,"column":1},"end":{"line":657,"column":4}},"226":{"start":{"line":635,"column":5},"end":{"line":635,"column":46}},"227":{"start":{"line":638,"column":5},"end":{"line":638,"column":42}},"228":{"start":{"line":641,"column":5},"end":{"line":641,"column":51}},"229":{"start":{"line":642,"column":5},"end":{"line":642,"column":64}},"230":{"start":{"line":645,"column":5},"end":{"line":647,"column":6}},"231":{"start":{"line":646,"column":7},"end":{"line":646,"column":30}},"232":{"start":{"line":650,"column":5},"end":{"line":655,"column":40}},"233":{"start":{"line":659,"column":1},"end":{"line":659,"column":29}},"234":{"start":{"line":669,"column":1},"end":{"line":669,"column":36}},"235":{"start":{"line":671,"column":1},"end":{"line":671,"column":42}},"236":{"start":{"line":672,"column":1},"end":{"line":672,"column":38}},"237":{"start":{"line":675,"column":1},"end":{"line":703,"column":4}},"238":{"start":{"line":679,"column":5},"end":{"line":679,"column":41}},"239":{"start":{"line":680,"column":5},"end":{"line":680,"column":31}},"240":{"start":{"line":683,"column":5},"end":{"line":683,"column":37}},"241":{"start":{"line":684,"column":5},"end":{"line":684,"column":31}},"242":{"start":{"line":687,"column":5},"end":{"line":687,"column":38}},"243":{"start":{"line":688,"column":5},"end":{"line":688,"column":64}},"244":{"start":{"line":691,"column":5},"end":{"line":693,"column":6}},"245":{"start":{"line":692,"column":7},"end":{"line":692,"column":30}},"246":{"start":{"line":696,"column":5},"end":{"line":701,"column":8}},"247":{"start":{"line":705,"column":1},"end":{"line":705,"column":35}},"248":{"start":{"line":714,"column":1},"end":{"line":714,"column":36}},"249":{"start":{"line":715,"column":1},"end":{"line":715,"column":19}},"250":{"start":{"line":717,"column":1},"end":{"line":717,"column":42}},"251":{"start":{"line":718,"column":1},"end":{"line":718,"column":38}},"252":{"start":{"line":721,"column":1},"end":{"line":753,"column":4}},"253":{"start":{"line":726,"column":5},"end":{"line":726,"column":44}},"254":{"start":{"line":728,"column":5},"end":{"line":728,"column":35}},"255":{"start":{"line":732,"column":5},"end":{"line":732,"column":44}},"256":{"start":{"line":734,"column":5},"end":{"line":734,"column":31}},"257":{"start":{"line":737,"column":5},"end":{"line":737,"column":50}},"258":{"start":{"line":738,"column":5},"end":{"line":738,"column":62}},"259":{"start":{"line":741,"column":5},"end":{"line":741,"column":34}},"260":{"start":{"line":743,"column":5},"end":{"line":751,"column":11}},"261":{"start":{"line":750,"column":9},"end":{"line":750,"column":68}},"262":{"start":{"line":755,"column":1},"end":{"line":755,"column":28}},"263":{"start":{"line":764,"column":1},"end":{"line":764,"column":36}},"264":{"start":{"line":766,"column":1},"end":{"line":766,"column":33}},"265":{"start":{"line":768,"column":1},"end":{"line":768,"column":38}},"266":{"start":{"line":769,"column":1},"end":{"line":769,"column":37}},"267":{"start":{"line":770,"column":1},"end":{"line":770,"column":39}},"268":{"start":{"line":773,"column":1},"end":{"line":821,"column":3}},"269":{"start":{"line":774,"column":3},"end":{"line":774,"column":53}},"270":{"start":{"line":775,"column":3},"end":{"line":775,"column":39}},"271":{"start":{"line":776,"column":3},"end":{"line":776,"column":68}},"272":{"start":{"line":777,"column":3},"end":{"line":777,"column":33}},"273":{"start":{"line":779,"column
[...]
3}},"360":{"start":{"line":1044,"column":3},"end":{"line":1044,"column":60}}},"branchMap":{"1":{"line":2,"type":"if","locations":[{"start":{"line":2,"column":1},"end":{"line":2,"column":1}},{"start":{"line":2,"column":1},"end":{"line":2,"column":1}}]},"2":{"line":2,"type":"binary-expr","locations":[{"start":{"line":2,"column":4},"end":{"line":2,"column":31}},{"start":{"line":2,"column":35},"end":{"line":2,"column":61}}]},"3":{"line":4,"type":"if","locations":[{"start":{"line":4,"column":6},"end":{"line":4,"column":6}},{"start":{"line":4,"column":6},"end":{"line":4,"column":6}}]},"4":{"line":4,"type":"binary-expr","locations":[{"start":{"line":4,"column":9},"end":{"line":4,"column":37}},{"start":{"line":4,"column":41},"end":{"line":4,"column":51}}]},"5":{"line":6,"type":"if","locations":[{"start":{"line":6,"column":6},"end":{"line":6,"column":6}},{"start":{"line":6,"column":6},"end":{"line":6,"column":6}}]},"6":{"line":19,"type":"if","locations":[{"start":{"line":19,"column":11},"end":{"line":19,"column":11}},{"start":{"line":19,"column":11},"end":{"line":19,"column":11}}]},"7":{"line":112,"type":"binary-expr","locations":[{"start":{"line":112,"column":18},"end":{"line":112,"column":30}},{"start":{"line":112,"column":34},"end":{"line":112,"column":51}}]},"8":{"line":113,"type":"binary-expr","locations":[{"start":{"line":113,"column":18},"end":{"line":113,"column":30}},{"start":{"line":113,"column":34},"end":{"line":113,"column":51}}]},"9":{"line":129,"type":"if","locations":[{"start":{"line":129,"column":5},"end":{"line":129,"column":5}},{"start":{"line":129,"column":5},"end":{"line":129,"column":5}}]},"10":{"line":158,"type":"if","locations":[{"start":{"line":158,"column":5},"end":{"line":158,"column":5}},{"start":{"line":158,"column":5},"end":{"line":158,"column":5}}]},"11":{"line":158,"type":"binary-expr","locations":[{"start":{"line":158,"column":9},"end":{"line":158,"column":29}},{"start":{"line":158,"column":33},"end":{"line":158,"column":59}}]},"12":{"line":165,"type":"if","locations":[{"start":{"line":165,"column":5},"end":{"line":165,"column":5}},{"start":{"line":165,"column":5},"end":{"line":165,"column":5}}]},"13":{"line":169,"type":"binary-expr","locations":[{"start":{"line":169,"column":22},"end":{"line":169,"column":40}},{"start":{"line":169,"column":44},"end":{"line":169,"column":64}}]},"14":{"line":197,"type":"cond-expr","locations":[{"start":{"line":197,"column":45},"end":{"line":197,"column":65}},{"start":{"line":197,"column":68},"end":{"line":197,"column":76}}]},"15":{"line":218,"type":"binary-expr","locations":[{"start":{"line":218,"column":10},"end":{"line":218,"column":23}},{"start":{"line":218,"column":27},"end":{"line":218,"column":39}}]},"16":{"line":249,"type":"if","locations":[{"start":{"line":249,"column":3},"end":{"line":249,"column":3}},{"start":{"line":249,"column":3},"end":{"line":249,"column":3}}]},"17":{"line":253,"type":"if","locations":[{"start":{"line":253,"column":3},"end":{"line":253,"column":3}},{"start":{"line":253,"column":3},"end":{"line":253,"column":3}}]},"18":{"line":254,"type":"binary-expr","locations":[{"start":{"line":254,"column":14},"end":{"line":254,"column":18}},{"start":{"line":254,"column":22},"end":{"line":254,"column":48}}]},"19":{"line":255,"type":"if","locations":[{"start":{"line":255,"column":10},"end":{"line":255,"column":10}},{"start":{"line":255,"column":10},"end":{"line":255,"column":10}}]},"20":{"line":258,"type":"binary-expr","locations":[{"start":{"line":258,"column":41},"end":{"line":258,"column":45}},{"start":{"line":258,"column":49},"end":{"line":258,"column":51}}]},"21":{"line":262,"type":"if","locations":[{"start":{"line":262,"column":10},"end":{"line":262,"column":10}},{"start":{"line":262,"column":10},"end":{"line":262,"column":10}}]},"22":{"line":264,"type":"binary-expr","locations":[{"start":{"line":264,"column":26},"end":{"line":264,"column":30}},{"start":{"line":264,"column":34},"end":{"line":264,"column":36}}]},"23":{"line":265,"type":"binary-expr","locations":[{"start":{"line":265,"column":41},"end":{"line":265,"column":45}},{"start":{"line":265,"column":49},"end":{"line":265,"column":51}}]},"24":{"line":323,"type":"binary-expr","locations":[{"start":{"line":323,"column":10},"end":{"line":323,"column":30}},{"start":{"line":323,"column":34},"end":{"line":323,"column":40}},{"start":{"line":323,"column":44},"end":{"line":323,"column":54}}]},"25":{"line":332,"type":"if","locations":[{"start":{"line":332,"column":5},"end":{"line":332,"column":5}},{"start":{"line":332,"column":5},"end":{"line":332,"column":5}}]},"26":{"line":344,"type":"cond-expr","locations":[{"start":{"line":344,"column":44},"end":{"line":344,"column":46}},{"start":{"line":344,"column":49},"end":{"line":344,"column":51}}]},"27":{"line":356,"type":"if","locations":[{"start":{"line":356,"column":3},"end":{"line":356,"column":3}},{"start":{"line":356,"column":3},"end":{"line":356,"column":3}}]},"28":{"line":356,"type":"binary-expr","locations":[{"start":{"line":356,"column":7},"end":{"line":356,"column":23}},{"start":{"line":356,"column":27},"end":{"line":356,"column":44}}]},"29":{"line":364,"type":"if","locations":[{"start":{"line":364,"column":3},"end":{"line":364,"column":3}},{"start":{"line":364,"column":3},"end":{"line":364,"column":3}}]},"30":{"line":367,"type":"cond-expr","locations":[{"start":{"line":367,"column":34},"end":{"line":367,"column":38}},{"start":{"line":367,"column":41},"end":{"line":367,"column":54}}]},"31":{"line":368,"type":"binary-expr","locations":[{"start":{"line":368,"column":23},"end":{"line":368,"column":28}},{"start":{"line":368,"column":32},"end":{"line":368,"column":34}}]},"32":{"line":377,"type":"if","locations":[{"start":{"line":377,"column":3},"end":{"line":377,"column":3}},{"start":{"line":377,"column":3},"end":{"line":377,"column":3}}]},"33":{"line":377,"type":"binary-expr","locations":[{"start":{"line":377,"column":7},"end":{"line":377,"column":19}},{"start":{"line":377,"column":23},"end":{"line":377,"column":34}}]},"34":{"line":379,"type":"if","locations":[{"start":{"line":379,"column":8},"end":{"line":379,"column":8}},{"start":{"line":379,"column":8},"end":{"line":379,"column":8}}]},"35":{"line":379,"type":"binary-expr","locations":[{"start":{"line":379,"column":12},"end":{"line":379,"column":38}},{"start":{"line":379,"column":42},"end":{"line":379,"column":69}}]},"36":{"line":381,"type":"cond-expr","locations":[{"start":{"line":381,"column":24},"end":{"line":381,"column":26}},{"start":{"line":381,"column":29},"end":{"line":381,"column":31}}]},"37":{"line":384,"type":"if","locations":[{"start":{"line":384,"column":7},"end":{"line":384,"column":7}},{"start":{"line":384,"column":7},"end":{"line":384,"column":7}}]},"38":{"line":385,"type":"if","locations":[{"start":{"line":385,"column":9},"end":{"line":385,"column":9}},{"start":{"line":385,"column":9},"end":{"line":385,"column":9}}]},"39":{"line":392,"type":"if","locations":[{"start":{"line":392,"column":5},"end":{"line":392,"column":5}},{"start":{"line":392,"column":5},"end":{"line":392,"column":5}}]},"40":{"line":407,"type":"if","locations":[{"start":{"line":407,"column":5},"end":{"line":407,"column":5}},{"start":{"line":407,"column":5},"end":{"line":407,"column":5}}]},"41":{"line":464,"type":"if","locations":[{"start":{"line":464,"column":3},"end":{"line":464,"column":3}},{"start":{"line":464,"column":3},"end":{"line":464,"column":3}}]},"42":{"line":473,"type":"binary-expr","locations":[{"start":{"line":473,"column":12},"end":{"line":473,"column":64}},{"start":{"line":473,"column":68},"end":{"line":473,"column":70}}]},"43":{"line":476,"type":"binary-expr","locations":[{"start":{"line":476,"column":14},"end":{"line":476,"column":37}},{"start":{"line":476,"column":41},"end":{"line":476,"column":51}}]},"44":{"line":476,"type":"binary-expr","locations":[{"start":{"line":476,"column":15},"end":{"line":476,"column":20}},{"start":{"line":476,"column":24},"end":{"line":476,"column":26}}]},"45":{"line":498,"type":"if","locations":[{"start":{"line":498,"column":3},"end":{"line":498,"column":3}},{"start":{"line":498,"column":3},"end":{"line":498,"column":3}}]},"46":{"line":499,"type":"if","locations":[{"start":{"line":499,"column":5},"end":{"line":499,"column":5}},{"start":{"line":499,"column":5},"end":{"line":499,"column":5}}]},"47":{"line":514,"type":"cond-expr","locations":[{"start":{"line":514,"column":37},"end":{"line":514,"column":39}},{"start":{"line":514,"column":42},"end":{"line":514,"column":44}}]},"48":{"line":517,"type":"if","locations":[{"start":{"line":517,"column":5},"end":{"line":517,"column":5}},{"start":{"line":517,"column":5},"end":{"line":517,"column":5}}]},"49":{"line":547,"type":"binary-expr","locations":[{"start":{"line":547,"column":16},"end":{"line":547,"column":32}},{"start":{"line":547,"column":36},"end":{"line":547,"column":41}}]},"50":{"line":590,"type":"if","locations":[{"start":{"line":590,"column":5},"end":{"line":590,"column":5}},{"start":{"line":590,"column":5},"end":{"line":590,"column":5}}]},"51":{"line":591,"type":"if","locations":[{"start":{"line":591,"column":7},"end":{"line":591,"column":7}},{"start":{"line":591,"column":7},"end":{"line":591,"column":7}}]},"52":{"line":600,"type":"binary-expr","locations":[{"start":{"line":600,"column":18},"end":{"line":600,"column":35}},{"start":{"line":600,"column":39},"end":{"line":600,"column":41}}]},"53":{"line":601,"type":"binary-expr","locations":[{"start":{"line":601,"column":17},"end":{"line":601,"column":33}},{"start":{"line":601,"column":37},"end":{"line":601,"column":39}}]},"54":{"line":605,"type":"binary-expr","locations":[{"start":{"line":605,"column":43},"end":{"line":605,"column":53}},{"start":{"line":605,"column":57},"end":{"line":605,"column":60}}]},"55":{"line":606,"type":"binary-expr","locations":[{"start":{"line":606,"column":43},"end":{"line":606,"column":53}},{"start":{"line":606,"column":57},"end":{"line":606,"column":60}}]},"56":{"line":607,"type":"binary-expr","locations":[{"start":{"line":607,"column":43},"end":{"line":607,"column":53}},{"start":{"line":607,"column":57},"end":{"line":607,"column":60}}]},"57":{"line":645,"type":"if","locations":[{"start":{"line":645,"column":5},"end":{"line":645,"column":5}},{"start":{"line":645,"column":5},"end":{"line":645,"column":5}}]},"58":{"line":653,"type":"binary-expr","locations":[{"start":{"line":653,"column":19},"end":{"line":653,"column":35}},{"start":{"line":653,"column":39},"end":{"line":653,"column":41}}]},"59":{"line":680,"type":"cond-expr","locations":[{"start":{"line":680,"column":16},"end":{"line":680,"column":23}},{"start":{"line":680,"column":26},"end":{"line":680,"column":30}}]},"60":{"line":684,"type":"cond-expr","locations":[{"start":{"line":684,"column":16},"end":{"line":684,"column":23}},{"start":{"line":684,"column":26},"end":{"line":684,"column":30}}]},"61":{"line":691,"type":"if","locations":[{"start":{"line":691,"column":5},"end":{"line":691,"column":5}},{"start":{"line":691,"column":5},"end":{"line":691,"column":5}}]},"62":{"line":698,"type":"binary-expr","locations":[{"start":{"line":698,"column":19},"end":{"line":698,"column":35}},{"start":{"line":698,"column":39},"end":{"line":698,"column":41}}]},"63":{"line":726,"type":"binary-expr","locations":[{"start":{"line":726,"column":16},"end":{"line":726,"column":31}},{"start":{"line":726,"column":35},"end":{"line":726,"column":43}}]},"64":{"line":732,"type":"binary-expr","locations":[{"start":{"line":732,"column":16},"end":{"line":732,"column":31}},{"start":{"line":732,"column":35},"end":{"line":732,"column":43}}]},"65":{"line":746,"type":"binary-expr","locations":[{"start":{"line":746,"column":19},"end":{"line":746,"column":35}},{"start":{"line":746,"column":39},"end":{"line":746,"column":59}}]},"66":{"line":750,"type":"binary-expr","locations":[{"start":{"line":750,"column":51},"end":{"line":750,"column":59}},{"start":{"line":750,"column":63},"end":{"line":750,"column":66}}]},"67":{"line":775,"type":"binary-expr","locations":[{"start":{"line":775,"column":15},"end":{"line":775,"column":32}},{"start":{"line":775,"column":36},"end":{"line":775,"column":38}}]},"68":{"line":788,"type":"if","locations":[{"start":{"line":788,"column":3},"end":{"line":788,"column":3}},{"start":{"line":788,"column":3},"end":{"line":788,"column":3}}]},"69":{"line":791,"type":"if","locations":[{"start":{"line":791,"column":10},"end":{"line":791,"column":10}},{"start":{"line":791,"column":10},"end":{"line":791,"column":10}}]},"70":{"line":798,"type":"if","locations":[{"start":{"line":798,"column":8},"end":{"line":798,"column":8}},{"start":{"line":798,"column":8},"end":{"line":798,"column":8}}]},"71":{"line":801,"type":"if","locations":[{"start":{"line":801,"column":8},"end":{"line":801,"column":8}},{"start":{"line":801,"column":8},"end":{"line":801,"column":8}}]},"72":{"line":804,"type":"binary-expr","locations":[{"start":{"line":804,"column":16},"end":{"line":804,"column":35}},{"start":{"line":804,"column":39},"end":{"line":804,"column":53}}]},"73":{"line":808,"type":"switch","locations":[{"start":{"line":809,"column":3},"end":{"line":810,"column":78}},{"start":{"line":811,"column":3},"end":{"line":812,"column":64}},{"start":{"line":813,"column":3},"end":{"line":814,"column":63}},{"start":{"line":815,"column":3},"end":{"line":815,"column":18}},{"start":{"line":816,"column":3},"end":{"line":816,"column":18}},{"start":{"line":817,"column":3},"end":{"line":817,"column":18}},{"start":{"line":818,"column":3},"end":{"line":819,"column":80}}]},"74":{"line":846,"type":"binary-expr","locations":[{"start":{"line":846,"column":14},"end":{"line":846,"column":40}},{"start":{"line":846,"column":44},"end":{"line":846,"column":46}}]},"75":{"line":872,"type":"binary-expr","locations":[{"start":{"line":872,"column":26},"end":{"line":872,"column":29}},{"start":{"line":872,"column":33},"end":{"line":872,"column":35}}]},"76":{"line":876,"type":"binary-expr","locations":[{"start":{"line":876,"column":13},"end":{"line":876,"column":17}},{"start":{"line":876,"column":21},"end":{"line":876,"column":23}}]},"77":{"line":878,"type":"if","locations":[{"start":{"line":878,"column":5},"end":{"line":878,"column":5}},{"start":{"line":878,"column":5},"end":{"line":878,"column":5}}]},"78":{"line":885,"type":"if","locations":[{"start":{"line":885,"column":5},"end":{"line":885,"column":5}},{"start":{"line":885,"column":5},"end":{"line":885,"column":5}}]},"79":{"line":907,"type":"if","locations":[{"start":{"line":907,"column":3},"end":{"line":907,"column":3}},{"start":{"line":907,"column":3},"end":{"line":907,"column":3}}]},"80":{"line":907,"type":"binary-expr","locations":[{"start":{"line":907,"column":6},"end":{"line":907,"column":13}},{"start":{"line":907,"column":17},"end":{"line":907,"column":36}}]},"81":{"line":916,"type":"if","locations":[{"start":{"line":916,"column":3},"end":{"line":916,"column":3}},{"start":{"line":916,"column":3},"end":{"line":916,"column":3}}]},"82":{"line":916,"type":"binary-expr","locations":[{"start":{"line":916,"column":7},"end":{"line":916,"column":18}},{"start":{"line":916,"column":22},"end":{"line":916,"column":44}}]},"83":{"line":919,"type":"if","locations":[{"start":{"line":919,"column":3},"end":{"line":919,"column":3}},{"start":{"line":919,"column":3},"end":{"line":919,"column":3}}]},"84":{"line":919,"type":"binary-expr","locations":[{"start":{"line":919,"column":7},"end":{"line":919,"column":13}},{"start":{"line":919,"column":17},"end":{"line":919,"column":34}}]},"85":{"line":927,"type":"binary-expr","locations":[{"start":{"line":927,"column":29},"end":{"line":927,"column":58}},{"start":{"line":927,"column":62},"end":{"line":927,"column":64}}]},"86":{"line":929,"type":"binary-expr","locations":[{"start":{"line":929,"column":29},"end":{"line":929,"column":47}},{"start":{"line":929,"column":51},"end":{"line":929,"column":53}}]},"87":{"line":950,"type":"cond-expr","locations":[{"start":{"line":950,"column":42},"end":{"line":950,"column":59}},{"start":{"line":950,"column":62},"end":{"line":950,"column":64}}]},"88":{"line":951,"type":"binary-expr","locations":[{"start":{"line":951,"column":29},"end":{"line":951,"column":47}},{"start":{"line":951,"column":51},"end":{"line":951,"column":53}}]},"89":{"line":952,"type":"binary-expr","locations":[{"start":{"line":952,"column":35},"end":{"line":952,"column":64}},{"start":{"line":952,"column":68},"end":{"line":952,"column":70}}]},"90":{"line":984,"type":"binary-expr","locations":[{"start":{"line":984,"column":30},"end":{"line":984,"column":50}},{"start":{"line":984,"column":54},"end":{"line":984,"column":68}}]},"91":{"line":990,"type":"binary-expr","locations":[{"start":{"line":990,"column":30},"end":{"line":990,"column":48}},{"start":{"line":990,"column":52},"end":{"line":990,"column":64}}]},"92":{"line":1040,"type":"cond-expr","locations":[{"start":{"line":1040,"column":17},"end":{"line":1040,"column":51}},{"start":{"line":1040,"column":54},"end":{"line":1040,"column":58}}]},"93":{"line":1044,"type":"cond-expr","locations":[{"start":{"line":1044,"column":17},"end":{"line":1044,"column":52}},{"start":{"line":1044,"column":55},"end":{"line":1044,"column":59}}]}},"l":{"1":0,"2":0,"3":0,"4":0,"5":0,"6":0,"7":0,"9":0,"11":0,"13":0,"16":1,"19":0,"20":0,"23":0,"30":0,"33":0,"36":0,"41":0,"44":0,"47":0,"50":0,"83":0,"92":0,"93":0,"95":0,"97":0,"98":0,"101":0,"105":0,"106":0,"107":0,"112":0,"113":0,"114":0,"121":0,"122":0,"123":0,"125":0,"127":0,"129":0,"130":0,"133":0,"141":0,"144":0,"147":0,"150":0,"153":0,"158":0,"159":0,"163":0,"165":0,"166":0,"169":0,"171":0,"176":0,"180":0,"193":0,"203":1,"204":0,"205":0,"206":0,"207":0,"208":0,"210":0,"213":1,"214":0,"217":1,"218":0,"226":0,"234":0,"236":0,"237":0,"240":0,"241":0,"244":1,"245":0,"246":0,"247":0,"249":0,"250":0,"253":0,"254":0,"255":0,"256":0,"257":0,"258":0,"262":0,"263":0,"264":0,"265":0,"270":0,"272":0,"282":0,"322":0,"323":0,"326":0,"327":0,"328":0,"329":0,"331":0,"332":0,"333":0,"335":0,"336":0,"338":0,"342":0,"343":0,"344":0,"345":0,"346":0,"347":0,"348":0,"349":0,"351":0,"355":0,"356":0,"357":0,"359":0,"363":0,"364":0,"365":0,"367":0,"368":0,"369":0,"374":0,"375":0,"377":0,"378":0,"379":0,"380":0,"381":0,"382":0,"383":0,"384":0,"385":0,"386":0,"388":0,"392":0,"393":0,"395":0,"397":0,"401":0,"402":0,"403":0,"405":0,"406":0,"407":0,"408":0,"410":0,"413":0,"417":0,"418":0,"419":0,"421":0,"422":0,"424":0,"428":0,"429":0,"430":0,"432":0,"433":0,"435":0,"439":0,"457":0,"458":0,"460":0,"461":0,"463":0,"464":0,"465":0,"468":0,"469":0,"472":0,"473":0,"476":0,"478":0,"492":0,"495":0,"496":0,"498":0,"499":0,"500":0,"503":0,"508":0,"512":1,"513":0,"514":0,"516":0,"517":0,"518":0,"522":0,"532":0,"533":0,"536":0,"540":0,"541":0,"544":0,"552":0,"562":0,"563":0,"565":0,"567":0,"568":0,"571":0,"575":0,"576":0,"577":0,"583":0,"585":0,"586":0,"587":0,"590":0,"591":0,"592":0,"595":0,"600":0,"601":0,"602":0,"610":0,"614":0,"624":0,"625":0,"627":0,"628":0,"631":0,"635":0,"638":0,"641":0,"642":0,"645":0,"646":0,"650":0,"659":0,"669":0,"671":0,"672":0,"675":0,"679":0,"680":0,"683":0,"684":0,"687":0,"688":0,"691":0,"692":0,"696":0,"705":0,"714":0,"715":0,"717":0,"718":0,"721":0,"726":0,"728":0,"732":0,"734":0,"737":0,"738":0,"741":0,"743":0,"750":0,"755":0,"764":0,"766":0,"768":0,"769":0,"770":0,"773":0,"774":0,"775":0,"776":0,"777":0,"779":0,"788":0,"789":0,"790":0,"791":0,"792":0,"794":0,"795":0,"798":0,"799":0,"801":0,"802":0,"805":0,"808":0,"810":0,"812":0,"814":0,"819":0,"823":1,"824":0,"834":0,"836":0,"839":0,"841":0,"843":0,"846":0,"847":0,"848":0,"849":0,"855":0,"858":0,"860":0,"861":0,"869":0,"871":1,"872":0,"873":0,"874":0,"876":0,"877":0,"878":0,"879":0,"883":0,"884":0,"885":0,"886":0,"890":0,"900":0,"901":0,"903":0,"906":0,"907":0,"908":0,"911":0,"914":0,"915":0,"916":0,"917":0,"919":0,"920":0,"922":0,"925":0,"927":0,"931":0,"946":0,"948":0,"949":0,"952":0,"955":0,"971":0,"972":0,"983":0,"984":0,"989":0,"990":0,"1003":0,"1004":0,"1010":0,"1011":0,"1016":0,"1017":0,"1032":0,"1035":0,"1036":0,"1039":0,"1040":0,"1043":0,"1044":0}}}
