TN:
SF:/Users/niralbhavsar/Anaplan/workspace/plexus-form/dist/build/lib/alternative.js
FN:6,(anonymous_1)
FN:14,(anonymous_2)
FN:18,(anonymous_3)
FNF:3
FNH:0
FNDA:0,(anonymous_1)
FNDA:0,(anonymous_2)
FNDA:0,(anonymous_3)
DA:3,0
DA:4,0
DA:6,0
DA:7,0
DA:9,0
DA:10,0
DA:11,0
DA:14,0
DA:15,0
DA:18,0
DA:19,0
DA:22,0
DA:24,0
LF:13
LH:0
BRDA:10,1,0,0
BRDA:10,1,1,0
BRDA:19,2,0,0
BRDA:19,2,1,0
BRDA:22,3,0,0
BRDA:22,3,1,0
BRDA:22,4,0,0
BRDA:22,4,1,0
BRF:8
BRH:0
end_of_record
TN:
SF:/Users/niralbhavsar/Anaplan/workspace/plexus-form/dist/build/lib/form.js
FN:14,getInitialState
FN:21,componentWillReceiveProps
FN:30,setValue
FN:47,getValue
FN:50,getErrors
FN:53,validate
FN:56,preventSubmit
FN:59,handleSubmit
FN:62,handleKeyPress
FN:67,renderButtons
FN:73,(anonymous_11)
FN:82,render
FN:104,hashedErrors
FN:114,makeKey
FN:118,context
FNF:15
FNH:0
FNDA:0,getInitialState
FNDA:0,componentWillReceiveProps
FNDA:0,setValue
FNDA:0,getValue
FNDA:0,getErrors
FNDA:0,validate
FNDA:0,preventSubmit
FNDA:0,handleSubmit
FNDA:0,handleKeyPress
FNDA:0,renderButtons
FNDA:0,(anonymous_11)
FNDA:0,render
FNDA:0,hashedErrors
FNDA:0,makeKey
FNDA:0,context
DA:3,0
DA:4,0
DA:6,0
DA:8,0
DA:9,0
DA:11,0
DA:15,0
DA:16,0
DA:17,0
DA:22,0
DA:23,0
DA:24,0
DA:31,0
DA:32,0
DA:33,0
DA:34,0
DA:35,0
DA:37,0
DA:38,0
DA:40,0
DA:48,0
DA:51,0
DA:54,0
DA:57,0
DA:60,0
DA:63,0
DA:64,0
DA:68,0
DA:70,0
DA:71,0
DA:73,0
DA:74,0
DA:79,0
DA:83,0
DA:97,0
DA:104,1
DA:105,0
DA:106,0
DA:107,0
DA:108,0
DA:109,0
DA:111,0
DA:114,1
DA:115,0
DA:118,1
DA:119,0
LF:46
LH:3
BRDA:22,1,0,0
BRDA:22,1,1,0
BRDA:23,2,0,0
BRDA:23,2,1,0
BRDA:37,3,0,0
BRDA:37,3,1,0
BRDA:63,4,0,0
BRDA:63,4,1,0
BRDA:63,5,0,0
BRDA:63,5,1,0
BRDA:70,6,0,0
BRDA:70,6,1,0
BRDA:73,7,0,0
BRDA:73,7,1,0
BRDA:100,8,0,0
BRDA:100,8,1,0
BRDA:119,9,0,0
BRDA:119,9,1,0
BRF:18
BRH:0
end_of_record
TN:
SF:/Users/niralbhavsar/Anaplan/workspace/plexus-form/dist/build/lib/index.js
FNF:0
FNH:0
DA:27,0
LF:1
LH:0
BRF:0
BRH:0
end_of_record
TN:
SF:/Users/niralbhavsar/Anaplan/workspace/plexus-form/dist/build/lib/normalise.js
FN:8,(anonymous_1)
FN:12,withDefaultOptions
FNF:2
FNH:0
FNDA:0,(anonymous_1)
FNDA:0,withDefaultOptions
DA:3,0
DA:5,0
DA:6,0
DA:8,0
DA:9,0
DA:12,1
DA:13,0
DA:14,0
DA:15,0
DA:17,0
DA:18,0
DA:21,0
DA:22,0
DA:23,0
DA:24,0
DA:25,0
DA:26,0
DA:28,0
DA:29,0
DA:30,0
DA:31,0
DA:34,0
DA:36,0
LF:23
LH:1
BRDA:17,1,0,0
BRDA:17,1,1,0
BRDA:21,2,0,0
BRDA:21,2,1,0
BRDA:22,3,0,0
BRDA:22,3,1,0
BRDA:23,4,0,0
BRDA:23,4,1,0
BRDA:26,5,0,0
BRDA:26,5,1,0
BRDA:28,6,0,0
BRDA:28,6,1,0
BRDA:30,7,0,0
BRDA:30,7,1,0
BRDA:31,8,0,0
BRDA:31,8,1,0
BRF:16
BRH:0
end_of_record
TN:
SF:/Users/niralbhavsar/Anaplan/workspace/plexus-form/dist/build/lib/resolve.js
FN:5,(anonymous_1)
FN:19,without
FNF:2
FNH:0
FNDA:0,(anonymous_1)
FNDA:0,without
DA:3,0
DA:5,0
DA:6,0
DA:8,0
DA:9,0
DA:10,0
DA:13,0
DA:15,0
DA:19,1
DA:20,0
DA:21,0
DA:23,0
DA:24,0
DA:25,0
DA:29,0
LF:15
LH:1
BRDA:8,1,0,0
BRDA:8,1,1,0
BRDA:9,2,0,0
BRDA:9,2,1,0
BRDA:21,3,0,0
BRDA:21,3,1,0
BRDA:24,4,0,0
BRDA:24,4,1,0
BRF:8
BRH:0
end_of_record
TN:
SF:/Users/niralbhavsar/Anaplan/workspace/plexus-form/dist/build/lib/types.js
FN:8,alternative
FN:13,array
FN:25,object
FN:28,(anonymous_4)
FN:39,fullOrdering
FNF:5
FNH:0
FNDA:0,alternative
FNDA:0,array
FNDA:0,object
FNDA:0,(anonymous_4)
FNDA:0,fullOrdering
DA:3,0
DA:5,0
DA:7,0
DA:9,0
DA:11,0
DA:14,0
DA:15,0
DA:16,0
DA:17,0
DA:23,0
DA:26,0
DA:28,0
DA:29,0
DA:37,0
DA:39,1
DA:40,0
DA:41,0
DA:42,0
DA:44,0
DA:45,0
DA:46,0
DA:47,0
DA:51,0
DA:52,0
DA:53,0
DA:54,0
DA:58,0
LF:27
LH:1
BRDA:14,1,0,0
BRDA:14,1,1,0
BRDA:40,2,0,0
BRDA:40,2,1,0
BRDA:44,3,0,0
BRDA:44,3,1,0
BRDA:46,4,0,0
BRDA:46,4,1,0
BRDA:53,5,0,0
BRDA:53,5,1,0
BRF:10
BRH:0
end_of_record
TN:
SF:/Users/niralbhavsar/Anaplan/workspace/plexus-form/dist/build/lib/fields/checkbox.js
FN:9,handleChange
FN:13,render
FNF:2
FNH:0
FNDA:0,handleChange
FNDA:0,render
DA:3,0
DA:4,0
DA:6,0
DA:10,0
DA:11,0
DA:14,0
DA:22,0
LF:7
LH:0
BRDA:17,1,0,0
BRDA:17,1,1,0
BRF:2
BRH:0
end_of_record
TN:
SF:/Users/niralbhavsar/Anaplan/workspace/plexus-form/dist/build/lib/fields/file.js
FN:14,loadFile
FN:25,(anonymous_2)
FN:38,render
FNF:3
FNH:0
FNDA:0,loadFile
FNDA:0,(anonymous_2)
FNDA:0,render
DA:3,0
DA:4,0
DA:6,0
DA:8,0
DA:9,0
DA:11,0
DA:15,0
DA:16,0
DA:17,0
DA:23,0
DA:25,0
DA:26,0
DA:27,0
DA:30,0
DA:31,0
DA:32,0
DA:34,0
DA:39,0
DA:40,0
DA:41,0
DA:43,0
DA:47,0
LF:22
LH:0
BRDA:30,1,0,0
BRDA:30,1,1,0
BRDA:31,2,0,0
BRDA:31,2,1,0
BRDA:39,3,0,0
BRDA:39,3,1,0
BRDA:40,4,0,0
BRDA:40,4,1,0
BRDA:41,5,0,0
BRDA:41,5,1,0
BRDA:41,6,0,0
BRDA:41,6,1,0
BRDA:41,7,0,0
BRDA:41,7,1,0
BRF:14
BRH:0
end_of_record
TN:
SF:/Users/niralbhavsar/Anaplan/workspace/plexus-form/dist/build/lib/fields/index.js
FNF:0
FNH:0
DA:3,0
LF:1
LH:0
BRF:0
BRH:0
end_of_record
TN:
SF:/Users/niralbhavsar/Anaplan/workspace/plexus-form/dist/build/lib/fields/input.js
FN:12,normalize
FN:15,parse
FN:18,handleChange
FN:22,handleKeyPress
FN:27,render
FNF:5
FNH:0
FNDA:0,normalize
FNDA:0,parse
FNDA:0,handleChange
FNDA:0,handleKeyPress
FNDA:0,render
DA:3,0
DA:4,0
DA:6,0
DA:7,0
DA:9,0
DA:13,0
DA:16,0
DA:19,0
DA:20,0
DA:23,0
DA:24,0
DA:28,0
DA:38,0
LF:13
LH:0
BRDA:23,1,0,0
BRDA:23,1,1,0
BRDA:31,2,0,0
BRDA:31,2,1,0
BRF:4
BRH:0
end_of_record
TN:
SF:/Users/niralbhavsar/Anaplan/workspace/plexus-form/dist/build/lib/fields/make.js
FN:11,(anonymous_1)
FN:60,makeKey
FNF:2
FNH:0
FNDA:0,(anonymous_1)
FNDA:0,makeKey
DA:3,0
DA:5,0
DA:7,0
DA:8,0
DA:9,0
DA:11,0
DA:12,0
DA:13,0
DA:14,0
DA:15,0
DA:16,0
DA:18,0
DA:28,0
DA:29,0
DA:30,0
DA:31,0
DA:32,0
DA:34,0
DA:35,0
DA:36,0
DA:37,0
DA:38,0
DA:39,0
DA:42,0
DA:45,0
DA:47,0
DA:49,0
DA:51,0
DA:56,0
DA:60,1
DA:61,0
LF:31
LH:1
BRDA:13,1,0,0
BRDA:13,1,1,0
BRDA:28,2,0,0
BRDA:28,2,1,0
BRDA:31,3,0,0
BRDA:31,3,1,0
BRDA:36,4,0,0
BRDA:36,4,1,0
BRDA:38,5,0,0
BRDA:38,5,1,0
BRDA:41,6,0,0
BRDA:41,6,1,0
BRDA:45,7,0,0
BRDA:45,7,1,0
BRDA:45,7,2,0
BRDA:45,7,3,0
BRDA:45,7,4,0
BRDA:45,7,5,0
BRDA:45,7,6,0
BRF:19
BRH:0
end_of_record
TN:
SF:/Users/niralbhavsar/Anaplan/workspace/plexus-form/dist/build/lib/fields/selection.js
FN:12,normalize
FN:18,parse
FN:24,handleChange
FN:28,render
FN:35,(anonymous_5)
FNF:5
FNH:0
FNDA:0,normalize
FNDA:0,parse
FNDA:0,handleChange
FNDA:0,render
FNDA:0,(anonymous_5)
DA:3,0
DA:4,0
DA:6,0
DA:7,0
DA:9,0
DA:14,0
DA:16,0
DA:20,0
DA:22,0
DA:25,0
DA:26,0
DA:29,0
DA:31,0
DA:36,0
DA:41,0
LF:15
LH:0
BRDA:14,1,0,0
BRDA:14,1,1,0
BRDA:20,2,0,0
BRDA:20,2,1,0
BRDA:33,3,0,0
BRDA:33,3,1,0
BRDA:36,4,0,0
BRDA:36,4,1,0
BRF:8
BRH:0
end_of_record
TN:
SF:/Users/niralbhavsar/Anaplan/workspace/plexus-form/dist/build/lib/fields/user_defined.js
FN:11,normalize
FN:15,parse
FN:19,handleChange
FN:23,handleKeyPress
FN:28,render
FNF:5
FNH:0
FNDA:0,normalize
FNDA:0,parse
FNDA:0,handleChange
FNDA:0,handleKeyPress
FNDA:0,render
DA:3,0
DA:5,0
DA:6,0
DA:8,0
DA:12,0
DA:13,0
DA:16,0
DA:17,0
DA:20,0
DA:21,0
DA:24,0
DA:25,0
DA:29,0
DA:38,0
LF:14
LH:0
BRDA:13,1,0,0
BRDA:13,1,1,0
BRDA:17,2,0,0
BRDA:17,2,1,0
BRDA:24,3,0,0
BRDA:24,3,1,0
BRDA:31,4,0,0
BRDA:31,4,1,0
BRF:8
BRH:0
end_of_record
TN:
SF:/Users/niralbhavsar/Anaplan/workspace/plexus-form/dist/build/lib/fields/utils/normalizer.js
FN:3,(anonymous_1)
FN:7,(anonymous_2)
FN:11,(anonymous_3)
FNF:3
FNH:0
FNDA:0,(anonymous_1)
FNDA:0,(anonymous_2)
FNDA:0,(anonymous_3)
DA:3,0
DA:4,0
DA:7,0
DA:8,0
DA:11,0
DA:12,0
LF:6
LH:0
BRF:0
BRH:0
end_of_record
TN:
SF:/Users/niralbhavsar/Anaplan/workspace/plexus-form/dist/build/lib/fields/utils/parser.js
FN:5,(anonymous_1)
FN:9,(anonymous_2)
FN:13,(anonymous_3)
FNF:3
FNH:0
FNDA:0,(anonymous_1)
FNDA:0,(anonymous_2)
FNDA:0,(anonymous_3)
DA:3,0
DA:5,0
DA:6,0
DA:9,0
DA:10,0
DA:13,0
DA:14,0
LF:7
LH:0
BRDA:10,1,0,0
BRDA:10,1,1,0
BRDA:14,2,0,0
BRDA:14,2,1,0
BRF:4
BRH:0
end_of_record
TN:
SF:/Users/niralbhavsar/Anaplan/workspace/plexus-form/dist/build/lib/fields/utils/wrapped.js
FN:8,errorClass
FN:16,makeTitle
FN:30,render
FN:46,render
FN:61,propsForWrapper
FN:73,(anonymous_6)
FN:77,(anonymous_7)
FNF:7
FNH:0
FNDA:0,errorClass
FNDA:0,makeTitle
FNDA:0,render
FNDA:0,render
FNDA:0,propsForWrapper
FNDA:0,(anonymous_6)
FNDA:0,(anonymous_7)
DA:3,0
DA:4,0
DA:6,0
DA:8,0
DA:9,0
DA:10,0
DA:13,0
DA:16,0
DA:17,0
DA:18,0
DA:19,0
DA:21,0
DA:22,0
DA:24,0
DA:27,0
DA:31,0
DA:33,0
DA:43,0
DA:47,0
DA:48,0
DA:49,0
DA:51,0
DA:61,0
DA:62,0
DA:73,0
DA:74,0
DA:77,0
DA:78,0
LF:28
LH:0
BRDA:9,1,0,0
BRDA:9,1,1,0
BRDA:9,2,0,0
BRDA:9,2,1,0
BRDA:18,3,0,0
BRDA:18,3,1,0
BRDA:18,4,0,0
BRDA:18,4,1,0
BRDA:21,5,0,0
BRDA:21,5,1,0
BRDA:21,6,0,0
BRDA:21,6,1,0
BRDA:31,7,0,0
BRDA:31,7,1,0
BRDA:31,8,0,0
BRDA:31,8,1,0
BRDA:48,9,0,0
BRDA:48,9,1,0
BRDA:48,10,0,0
BRDA:48,10,1,0
BRDA:49,11,0,0
BRDA:49,11,1,0
BRDA:74,12,0,0
BRDA:74,12,1,0
BRDA:78,13,0,0
BRDA:78,13,1,0
BRF:26
BRH:0
end_of_record
TN:
SF:/Users/niralbhavsar/Anaplan/workspace/plexus-form/dist/plexus-form.js
FN:1,webpackUniversalModuleDefinition
FN:10,(anonymous_2)
FN:11,(anonymous_3)
FN:16,__webpack_require__
FN:55,(anonymous_5)
FN:88,(anonymous_6)
FN:104,(anonymous_7)
FN:111,(anonymous_8)
FN:120,(anonymous_9)
FN:140,(anonymous_10)
FN:143,(anonymous_11)
FN:146,(anonymous_12)
FN:149,(anonymous_13)
FN:152,(anonymous_14)
FN:157,(anonymous_15)
FN:162,(anonymous_16)
FN:170,(anonymous_17)
FN:179,(anonymous_18)
FN:203,hashedErrors
FN:213,makeKey
FN:217,context
FN:224,(anonymous_22)
FN:230,(anonymous_23)
FN:240,(anonymous_24)
FN:244,withDefaultOptions
FN:278,(anonymous_26)
FN:294,(anonymous_27)
FN:322,(anonymous_28)
FN:326,(anonymous_29)
FN:342,(anonymous_30)
FN:355,(anonymous_31)
FN:363,(anonymous_32)
FN:374,(anonymous_33)
FN:401,(anonymous_34)
FN:417,(anonymous_35)
FN:428,(anonymous_36)
FN:453,(anonymous_37)
FN:460,(anonymous_38)
FN:468,(anonymous_39)
FN:472,(anonymous_40)
FN:488,(anonymous_41)
FN:495,(anonymous_42)
FN:512,without
FN:528,(anonymous_44)
FN:539,(anonymous_45)
FN:543,(anonymous_46)
FN:558,(anonymous_47)
FN:574,(anonymous_48)
FN:585,(anonymous_49)
FN:599,(anonymous_50)
FN:620,(anonymous_51)
FN:634,(anonymous_52)
FN:637,(anonymous_53)
FN:640,(anonymous_54)
FN:644,(anonymous_55)
FN:649,(anonymous_56)
FN:665,(anonymous_57)
FN:678,(anonymous_58)
FN:682,(anonymous_59)
FN:686,(anonymous_60)
FN:690,(anonymous_61)
FN:695,(anonymous_62)
FN:710,(anonymous_63)
FN:724,(anonymous_64)
FN:730,(anonymous_65)
FN:736,(anonymous_66)
FN:740,(anonymous_67)
FN:749,(anonymous_68)
FN:760,(anonymous_69)
FN:773,(anonymous_70)
FN:823,makeKey
FN:830,(anonymous_72)
FN:840,(anonymous_73)
FN:845,(anonymous_74)
FN:857,(anonymous_75)
FN:860,(anonymous_76)
FN:871,fullOrdering
FN:896,(anonymous_78)
FN:906,(anonymous_79)
FN:914,(anonymous_80)
FN:926,(anonymous_81)
FN:947,(anonymous_82)
FN:971,(anonymous_83)
FN:983,(anonymous_84)
FN:989,(anonymous_85)
FN:998,(anonymous_86)
FN:1003,(anonymous_87)
FN:1010,(anonymous_88)
FN:1016,(anonymous_89)
FN:1028,(anonymous_90)
FN:1035,(anonymous_91)
FN:1039,(anonymous_92)
FN:1043,(anonymous_93)
FNF:93
FNH:0
FNDA:0,webpackUniversalModuleDefinition
FNDA:0,(anonymous_2)
FNDA:0,(anonymous_3)
FNDA:0,__webpack_require__
FNDA:0,(anonymous_5)
FNDA:0,(anonymous_6)
FNDA:0,(anonymous_7)
FNDA:0,(anonymous_8)
FNDA:0,(anonymous_9)
FNDA:0,(anonymous_10)
FNDA:0,(anonymous_11)
FNDA:0,(anonymous_12)
FNDA:0,(anonymous_13)
FNDA:0,(anonymous_14)
FNDA:0,(anonymous_15)
FNDA:0,(anonymous_16)
FNDA:0,(anonymous_17)
FNDA:0,(anonymous_18)
FNDA:0,hashedErrors
FNDA:0,makeKey
FNDA:0,context
FNDA:0,(anonymous_22)
FNDA:0,(anonymous_23)
FNDA:0,(anonymous_24)
FNDA:0,withDefaultOptions
FNDA:0,(anonymous_26)
FNDA:0,(anonymous_27)
FNDA:0,(anonymous_28)
FNDA:0,(anonymous_29)
FNDA:0,(anonymous_30)
FNDA:0,(anonymous_31)
FNDA:0,(anonymous_32)
FNDA:0,(anonymous_33)
FNDA:0,(anonymous_34)
FNDA:0,(anonymous_35)
FNDA:0,(anonymous_36)
FNDA:0,(anonymous_37)
FNDA:0,(anonymous_38)
FNDA:0,(anonymous_39)
FNDA:0,(anonymous_40)
FNDA:0,(anonymous_41)
FNDA:0,(anonymous_42)
FNDA:0,without
FNDA:0,(anonymous_44)
FNDA:0,(anonymous_45)
FNDA:0,(anonymous_46)
FNDA:0,(anonymous_47)
FNDA:0,(anonymous_48)
FNDA:0,(anonymous_49)
FNDA:0,(anonymous_50)
FNDA:0,(anonymous_51)
FNDA:0,(anonymous_52)
FNDA:0,(anonymous_53)
FNDA:0,(anonymous_54)
FNDA:0,(anonymous_55)
FNDA:0,(anonymous_56)
FNDA:0,(anonymous_57)
FNDA:0,(anonymous_58)
FNDA:0,(anonymous_59)
FNDA:0,(anonymous_60)
FNDA:0,(anonymous_61)
FNDA:0,(anonymous_62)
FNDA:0,(anonymous_63)
FNDA:0,(anonymous_64)
FNDA:0,(anonymous_65)
FNDA:0,(anonymous_66)
FNDA:0,(anonymous_67)
FNDA:0,(anonymous_68)
FNDA:0,(anonymous_69)
FNDA:0,(anonymous_70)
FNDA:0,makeKey
FNDA:0,(anonymous_72)
FNDA:0,(anonymous_73)
FNDA:0,(anonymous_74)
FNDA:0,(anonymous_75)
FNDA:0,(anonymous_76)
FNDA:0,fullOrdering
FNDA:0,(anonymous_78)
FNDA:0,(anonymous_79)
FNDA:0,(anonymous_80)
FNDA:0,(anonymous_81)
FNDA:0,(anonymous_82)
FNDA:0,(anonymous_83)
FNDA:0,(anonymous_84)
FNDA:0,(anonymous_85)
FNDA:0,(anonymous_86)
FNDA:0,(anonymous_87)
FNDA:0,(anonymous_88)
FNDA:0,(anonymous_89)
FNDA:0,(anonymous_90)
FNDA:0,(anonymous_91)
FNDA:0,(anonymous_92)
FNDA:0,(anonymous_93)
DA:1,0
DA:2,0
DA:3,0
DA:4,0
DA:5,0
DA:6,0
DA:7,0
DA:9,0
DA:11,0
DA:13,0
DA:16,1
DA:19,0
DA:20,0
DA:23,0
DA:30,0
DA:33,0
DA:36,0
DA:41,0
DA:44,0
DA:47,0
DA:50,0
DA:83,0
DA:92,0
DA:93,0
DA:95,0
DA:97,0
DA:98,0
DA:101,0
DA:105,0
DA:106,0
DA:107,0
DA:112,0
DA:113,0
DA:114,0
DA:121,0
DA:122,0
DA:123,0
DA:125,0
DA:127,0
DA:129,0
DA:130,0
DA:133,0
DA:141,0
DA:144,0
DA:147,0
DA:150,0
DA:153,0
DA:158,0
DA:159,0
DA:163,0
DA:165,0
DA:166,0
DA:169,0
DA:171,0
DA:176,0
DA:180,0
DA:193,0
DA:203,1
DA:204,0
DA:205,0
DA:206,0
DA:207,0
DA:208,0
DA:210,0
DA:213,1
DA:214,0
DA:217,1
DA:218,0
DA:226,0
DA:234,0
DA:236,0
DA:237,0
DA:240,0
DA:241,0
DA:244,1
DA:245,0
DA:246,0
DA:247,0
DA:249,0
DA:250,0
DA:253,0
DA:254,0
DA:255,0
DA:256,0
DA:257,0
DA:258,0
DA:262,0
DA:263,0
DA:264,0
DA:265,0
DA:270,0
DA:272,0
DA:282,0
DA:322,0
DA:323,0
DA:326,0
DA:327,0
DA:328,0
DA:329,0
DA:331,0
DA:332,0
DA:333,0
DA:335,0
DA:336,0
DA:338,0
DA:342,0
DA:343,0
DA:344,0
DA:345,0
DA:346,0
DA:347,0
DA:348,0
DA:349,0
DA:351,0
DA:355,0
DA:356,0
DA:357,0
DA:359,0
DA:363,0
DA:364,0
DA:365,0
DA:367,0
DA:368,0
DA:369,0
DA:374,0
DA:375,0
DA:377,0
DA:378,0
DA:379,0
DA:380,0
DA:381,0
DA:382,0
DA:383,0
DA:384,0
DA:385,0
DA:386,0
DA:388,0
DA:392,0
DA:393,0
DA:395,0
DA:397,0
DA:401,0
DA:402,0
DA:403,0
DA:405,0
DA:406,0
DA:407,0
DA:408,0
DA:410,0
DA:413,0
DA:417,0
DA:418,0
DA:419,0
DA:421,0
DA:422,0
DA:424,0
DA:428,0
DA:429,0
DA:430,0
DA:432,0
DA:433,0
DA:435,0
DA:439,0
DA:457,0
DA:458,0
DA:460,0
DA:461,0
DA:463,0
DA:464,0
DA:465,0
DA:468,0
DA:469,0
DA:472,0
DA:473,0
DA:476,0
DA:478,0
DA:492,0
DA:495,0
DA:496,0
DA:498,0
DA:499,0
DA:500,0
DA:503,0
DA:508,0
DA:512,1
DA:513,0
DA:514,0
DA:516,0
DA:517,0
DA:518,0
DA:522,0
DA:532,0
DA:533,0
DA:536,0
DA:540,0
DA:541,0
DA:544,0
DA:552,0
DA:562,0
DA:563,0
DA:565,0
DA:567,0
DA:568,0
DA:571,0
DA:575,0
DA:576,0
DA:577,0
DA:583,0
DA:585,0
DA:586,0
DA:587,0
DA:590,0
DA:591,0
DA:592,0
DA:595,0
DA:600,0
DA:601,0
DA:602,0
DA:610,0
DA:614,0
DA:624,0
DA:625,0
DA:627,0
DA:628,0
DA:631,0
DA:635,0
DA:638,0
DA:641,0
DA:642,0
DA:645,0
DA:646,0
DA:650,0
DA:659,0
DA:669,0
DA:671,0
DA:672,0
DA:675,0
DA:679,0
DA:680,0
DA:683,0
DA:684,0
DA:687,0
DA:688,0
DA:691,0
DA:692,0
DA:696,0
DA:705,0
DA:714,0
DA:715,0
DA:717,0
DA:718,0
DA:721,0
DA:726,0
DA:728,0
DA:732,0
DA:734,0
DA:737,0
DA:738,0
DA:741,0
DA:743,0
DA:750,0
DA:755,0
DA:764,0
DA:766,0
DA:768,0
DA:769,0
DA:770,0
DA:773,0
DA:774,0
DA:775,0
DA:776,0
DA:777,0
DA:779,0
DA:788,0
DA:789,0
DA:790,0
DA:791,0
DA:792,0
DA:794,0
DA:795,0
DA:798,0
DA:799,0
DA:801,0
DA:802,0
DA:805,0
DA:808,0
DA:810,0
DA:812,0
DA:814,0
DA:819,0
DA:823,1
DA:824,0
DA:834,0
DA:836,0
DA:839,0
DA:841,0
DA:843,0
DA:846,0
DA:847,0
DA:848,0
DA:849,0
DA:855,0
DA:858,0
DA:860,0
DA:861,0
DA:869,0
DA:871,1
DA:872,0
DA:873,0
DA:874,0
DA:876,0
DA:877,0
DA:878,0
DA:879,0
DA:883,0
DA:884,0
DA:885,0
DA:886,0
DA:890,0
DA:900,0
DA:901,0
DA:903,0
DA:906,0
DA:907,0
DA:908,0
DA:911,0
DA:914,0
DA:915,0
DA:916,0
DA:917,0
DA:919,0
DA:920,0
DA:922,0
DA:925,0
DA:927,0
DA:931,0
DA:946,0
DA:948,0
DA:949,0
DA:952,0
DA:955,0
DA:971,0
DA:972,0
DA:983,0
DA:984,0
DA:989,0
DA:990,0
DA:1003,0
DA:1004,0
DA:1010,0
DA:1011,0
DA:1016,0
DA:1017,0
DA:1032,0
DA:1035,0
DA:1036,0
DA:1039,0
DA:1040,0
DA:1043,0
DA:1044,0
LF:360
LH:8
BRDA:2,1,0,0
BRDA:2,1,1,0
BRDA:2,2,0,0
BRDA:2,2,1,0
BRDA:4,3,0,0
BRDA:4,3,1,0
BRDA:4,4,0,0
BRDA:4,4,1,0
BRDA:6,5,0,0
BRDA:6,5,1,0
BRDA:19,6,0,0
BRDA:19,6,1,0
BRDA:112,7,0,0
BRDA:112,7,1,0
BRDA:113,8,0,0
BRDA:113,8,1,0
BRDA:129,9,0,0
BRDA:129,9,1,0
BRDA:158,10,0,0
BRDA:158,10,1,0
BRDA:158,11,0,0
BRDA:158,11,1,0
BRDA:165,12,0,0
BRDA:165,12,1,0
BRDA:169,13,0,0
BRDA:169,13,1,0
BRDA:197,14,0,0
BRDA:197,14,1,0
BRDA:218,15,0,0
BRDA:218,15,1,0
BRDA:249,16,0,0
BRDA:249,16,1,0
BRDA:253,17,0,0
BRDA:253,17,1,0
BRDA:254,18,0,0
BRDA:254,18,1,0
BRDA:255,19,0,0
BRDA:255,19,1,0
BRDA:258,20,0,0
BRDA:258,20,1,0
BRDA:262,21,0,0
BRDA:262,21,1,0
BRDA:264,22,0,0
BRDA:264,22,1,0
BRDA:265,23,0,0
BRDA:265,23,1,0
BRDA:323,24,0,0
BRDA:323,24,1,0
BRDA:323,24,2,0
BRDA:332,25,0,0
BRDA:332,25,1,0
BRDA:344,26,0,0
BRDA:344,26,1,0
BRDA:356,27,0,0
BRDA:356,27,1,0
BRDA:356,28,0,0
BRDA:356,28,1,0
BRDA:364,29,0,0
BRDA:364,29,1,0
BRDA:367,30,0,0
BRDA:367,30,1,0
BRDA:368,31,0,0
BRDA:368,31,1,0
BRDA:377,32,0,0
BRDA:377,32,1,0
BRDA:377,33,0,0
BRDA:377,33,1,0
BRDA:379,34,0,0
BRDA:379,34,1,0
BRDA:379,35,0,0
BRDA:379,35,1,0
BRDA:381,36,0,0
BRDA:381,36,1,0
BRDA:384,37,0,0
BRDA:384,37,1,0
BRDA:385,38,0,0
BRDA:385,38,1,0
BRDA:392,39,0,0
BRDA:392,39,1,0
BRDA:407,40,0,0
BRDA:407,40,1,0
BRDA:464,41,0,0
BRDA:464,41,1,0
BRDA:473,42,0,0
BRDA:473,42,1,0
BRDA:476,43,0,0
BRDA:476,43,1,0
BRDA:476,44,0,0
BRDA:476,44,1,0
BRDA:498,45,0,0
BRDA:498,45,1,0
BRDA:499,46,0,0
BRDA:499,46,1,0
BRDA:514,47,0,0
BRDA:514,47,1,0
BRDA:517,48,0,0
BRDA:517,48,1,0
BRDA:547,49,0,0
BRDA:547,49,1,0
BRDA:590,50,0,0
BRDA:590,50,1,0
BRDA:591,51,0,0
BRDA:591,51,1,0
BRDA:600,52,0,0
BRDA:600,52,1,0
BRDA:601,53,0,0
BRDA:601,53,1,0
BRDA:605,54,0,0
BRDA:605,54,1,0
BRDA:606,55,0,0
BRDA:606,55,1,0
BRDA:607,56,0,0
BRDA:607,56,1,0
BRDA:645,57,0,0
BRDA:645,57,1,0
BRDA:653,58,0,0
BRDA:653,58,1,0
BRDA:680,59,0,0
BRDA:680,59,1,0
BRDA:684,60,0,0
BRDA:684,60,1,0
BRDA:691,61,0,0
BRDA:691,61,1,0
BRDA:698,62,0,0
BRDA:698,62,1,0
BRDA:726,63,0,0
BRDA:726,63,1,0
BRDA:732,64,0,0
BRDA:732,64,1,0
BRDA:746,65,0,0
BRDA:746,65,1,0
BRDA:750,66,0,0
BRDA:750,66,1,0
BRDA:775,67,0,0
BRDA:775,67,1,0
BRDA:788,68,0,0
BRDA:788,68,1,0
BRDA:791,69,0,0
BRDA:791,69,1,0
BRDA:798,70,0,0
BRDA:798,70,1,0
BRDA:801,71,0,0
BRDA:801,71,1,0
BRDA:804,72,0,0
BRDA:804,72,1,0
BRDA:808,73,0,0
BRDA:808,73,1,0
BRDA:808,73,2,0
BRDA:808,73,3,0
BRDA:808,73,4,0
BRDA:808,73,5,0
BRDA:808,73,6,0
BRDA:846,74,0,0
BRDA:846,74,1,0
BRDA:872,75,0,0
BRDA:872,75,1,0
BRDA:876,76,0,0
BRDA:876,76,1,0
BRDA:878,77,0,0
BRDA:878,77,1,0
BRDA:885,78,0,0
BRDA:885,78,1,0
BRDA:907,79,0,0
BRDA:907,79,1,0
BRDA:907,80,0,0
BRDA:907,80,1,0
BRDA:916,81,0,0
BRDA:916,81,1,0
BRDA:916,82,0,0
BRDA:916,82,1,0
BRDA:919,83,0,0
BRDA:919,83,1,0
BRDA:919,84,0,0
BRDA:919,84,1,0
BRDA:927,85,0,0
BRDA:927,85,1,0
BRDA:929,86,0,0
BRDA:929,86,1,0
BRDA:950,87,0,0
BRDA:950,87,1,0
BRDA:951,88,0,0
BRDA:951,88,1,0
BRDA:952,89,0,0
BRDA:952,89,1,0
BRDA:984,90,0,0
BRDA:984,90,1,0
BRDA:990,91,0,0
BRDA:990,91,1,0
BRDA:1040,92,0,0
BRDA:1040,92,1,0
BRDA:1044,93,0,0
BRDA:1044,93,1,0
BRF:192
BRH:0
end_of_record
